Log: Log file open, 05/12/22 22:45:00
Init: Name subsystem initialized
Init: Detected: Microsoft Windows NT 6.2 (Build: 9200)
Init: Version: 400
Init: Compiled: Apr 22 2022 03:39:04
Init: Command line: 
Init: Base directory: S:\DNF\Original files\October 26\System\
Init: Character set: Unicode
Init: Profile: DukeEd
Log: Bound to Editor.dll
Log: Bound to Engine.dll
Init: Object subsystem initialized.
Init: Computer: PAULPC
Init: User: ErrorMacro
Init: Memory total: Phys=2097151K Pagef=4194303K Virt=2097024K
Init: Working set: 32000 / 159000
Init: CPU Speed=4274.983761 MHz
Init: CPU Page size=4096, Processors=16
Init: CPU Detected: Unknown processor (AuhenicAD)
Init: CPU Features: CMov FPU RDTSC PAE MMX KNI
Log: Loading: Package Editor
Log: Loading: Package Engine
Init: Unreal engine initialized.  Lincoln is pleased.
Log: Bound to Galaxy.dll
Init: Galaxy is using WinMM
Init: Galaxy initialized
Init: Transaction tracking system initialized
Log: Loading: Package UWindow
Log: Bound to Fire.dll
Log: Loading: Package Fire
Log: Loading: Package IPServer
Log: Bound to UWeb.dll
Log: Loading: Package UWeb
Log: Loading: Package UBrowser
Log: Loading: Package dnParticles
Log: Loading: Package t_generic
Log: Loading: Package t_detail
Log: Loading: Package t_firefx
Log: Loading: Package a_impact
Log: Loading: Package m_dnWeapon
Log: Loading: Package palettes
Log: Loading: Package m_vehicles
Log: Loading: Package c_FX
Log: Loading: Package t_explosionFx
Log: Loading: Package dnModulation
Log: Loading: Package afbproship
Log: Loading: Package a_generic
Log: Loading: Package mario
Log: Loading: Package dnsWeapn
Log: Loading: Package a_transport
Log: Loading: Package t_test
Log: Loading: Package m_generic
Log: Loading: Package a_edf
Log: Loading: Package c_generic
Log: Loading: Package m_zone1_vegas
Log: Loading: Package a_ambient
Log: Loading: Package c_zone1_vegas
Log: Loading: Package petalumahouse
Log: Loading: Package dnGame
Log: Loading: Package hud_effects
Log: Loading: Package powerpuzzle1
Log: Loading: Package c_dnWeapon
Log: Loading: Package a_dukevoice
Log: Loading: Package circuitpuzzle1
Log: Loading: Package ezmail
Log: Loading: Package c_characters
Log: Loading: Package ezvend
Log: Loading: Package EZPhone
Log: Loading: Package c_dukeitems
Log: Loading: Package a_zone1_vegas
Log: Loading: Package keypads
Log: Loading: Package m_turretfx
Log: Loading: Package m_characters
Log: Loading: Package a_switch
Log: Loading: Package a_inventory
Log: Loading: Package c_hands
Log: Loading: Package a_creatures
Log: Loading: Package m_hands
Log: Loading: Package dnsMaterials
Log: Loading: Package SMK6
Log: Loading: Package crane
Log: Loading: Package ts01
Log: Loading: Package SMK5
Log: Loading: Package dukeED_gfx
Log: Loading: Package canvasfx
Log: Loading: Package arcadeFX
Log: Loading: Package ShieldFX
Log: Loading: Package SMK4
Log: Loading: Package vegas
Log: Loading: Package smk8
Log: Loading: Package a_npcvoice
Log: Loading: Package modelfx
Log: Loading: Package c_vehicles
Log: Loading: Package D3DSounds
Log: Loading: Package dnMountables
Log: Loading: Package dnAI
Log: Loading: Package m_zone3_canyon
Log: Loading: Package c_zone3_canyon
Log: Loading: Package TEMPVOICE
Log: Loading: Package a_doors
Log: Loading: Package m_fx
Log: Loading: Package dnWindow
Log: Loading: Package SMK3
Log: Loading: Package SMK7
Log: Loading: Package U_Generic
Log: Loading: Package airforcebase
Log: Loading: Package Airforcebase2
Log: Loading: Package c_zone4_afb
Log: Loading: Package RocketFX
Log: Loading: Package U_Zone1_Vegas
Log: Loading: Package U_Zone2_Dam
Log: Loading: Package c_zone2_dam
Log: Loading: Package U_Zone3_Canyon
Log: Loading: Package U_Zone4_AFB
Log: Loading: Package U_Zone5_Area51
Log: Loading: Package c_zone5_area51
Log: Loading: Package computer
Log: Loading: Package m_zone5_area51
Log: Loading: Package U_Zone6_Ship
Log: Loading: Package dnMaterial
Log: Loading: Package U_Fragment
Init: Win32 client initialized.
Init: Lighting manager initialized.
Init: Render core initialized.
Init: Editor engine initialized
Log: Startup time: 1.000987 seconds
Cmd: MODE MAPEXT=dnf
Init: Input system initialized for U2Viewport0
Localization: No localization: Engine.General.ViewXY (int)
Localization: No localization: Engine.General.ViewXY (int)
Log: Trying SoftDrv.SoftwareRenderDevice
Log: Bound to SoftDrv.dll
Localization: No localization: Engine.General.ViewXY (int)
Localization: No localization: Engine.General.ViewXY (int)
Localization: No localization: Engine.General.ViewXY (int)
Log: Bound to D3DDrv.dll
Init: Direct3D adapters detected:
Log: Adaptor Detected: D3D9on12.dll/AMD Radeon RX 5700 XT
Log: Adaptor Detected: D3D9on12.dll/AMD Radeon RX 5700 XT
Init: DukeForever Direct3D support initializing.
Log: SetRes(NewX=4,NewY=0,NewColorBytes=4,Fullscreen0) (this:0f4b0000);
Init: D3D Driver: Supports trilinear
Init: D3D Driver: Supports specular gouraud
Init: D3D Driver: Supports BLENDDIFFUSEALPHA
Init: Rendertarget format: D3DFMT_X8R8G8B8
Init: Clipper texture created
Init: Input system initialized for U2Viewport1
Localization: No localization: Engine.General.ViewXY (int)
Localization: No localization: Engine.General.ViewXZ (int)
Localization: No localization: Engine.General.ViewXZ (int)
Log: Trying SoftDrv.SoftwareRenderDevice
Localization: No localization: Engine.General.ViewXZ (int)
Localization: No localization: Engine.General.ViewXZ (int)
Localization: No localization: Engine.General.ViewXZ (int)
Log: SetRes(NewX=4,NewY=0,NewColorBytes=4,Fullscreen0) (this:227f0000);
Init: D3D Driver: Supports trilinear
Init: D3D Driver: Supports specular gouraud
Init: D3D Driver: Supports BLENDDIFFUSEALPHA
Init: Rendertarget format: D3DFMT_X8R8G8B8
Init: Clipper texture created
Init: Input system initialized for U2Viewport2
Localization: No localization: Engine.General.ViewXZ (int)
Localization: No localization: Engine.General.ViewOther (int)
Localization: No localization: Engine.General.ViewOther (int)
Log: Trying SoftDrv.SoftwareRenderDevice
Localization: No localization: Engine.General.ViewOther (int)
Localization: No localization: Engine.General.ViewOther (int)
Localization: No localization: Engine.General.ViewOther (int)
Log: SetRes(NewX=4,NewY=0,NewColorBytes=4,Fullscreen0) (this:22910000);
Init: D3D Driver: Supports trilinear
Init: D3D Driver: Supports specular gouraud
Init: D3D Driver: Supports BLENDDIFFUSEALPHA
Init: Rendertarget format: D3DFMT_X8R8G8B8
Init: Clipper texture created
Init: Input system initialized for U2Viewport3
Localization: No localization: Engine.General.ViewOther (int)
Localization: No localization: Engine.General.ViewYZ (int)
Localization: No localization: Engine.General.ViewYZ (int)
Log: Trying SoftDrv.SoftwareRenderDevice
Localization: No localization: Engine.General.ViewYZ (int)
Localization: No localization: Engine.General.ViewYZ (int)
Localization: No localization: Engine.General.ViewYZ (int)
Log: SetRes(NewX=4,NewY=0,NewColorBytes=4,Fullscreen0) (this:22a30000);
Init: D3D Driver: Supports trilinear
Init: D3D Driver: Supports specular gouraud
Init: D3D Driver: Supports BLENDDIFFUSEALPHA
Init: Rendertarget format: D3DFMT_X8R8G8B8
Init: Clipper texture created
Log: SetRes(NewX=874,NewY=449,NewColorBytes=4,Fullscreen0) (this:0f4b0000);
Init: D3D Driver: Supports trilinear
Init: D3D Driver: Supports specular gouraud
Init: D3D Driver: Supports BLENDDIFFUSEALPHA
Localization: No localization: Engine.General.ViewXY (int)
Init: Rendertarget format: D3DFMT_X8R8G8B8
Init: Clipper texture created
Log: SetRes(NewX=948,NewY=449,NewColorBytes=4,Fullscreen0) (this:227f0000);
Init: D3D Driver: Supports trilinear
Init: D3D Driver: Supports specular gouraud
Init: D3D Driver: Supports BLENDDIFFUSEALPHA
Localization: No localization: Engine.General.ViewXZ (int)
Init: Rendertarget format: D3DFMT_X8R8G8B8
Init: Clipper texture created
Log: SetRes(NewX=874,NewY=449,NewColorBytes=4,Fullscreen0) (this:22910000);
Init: D3D Driver: Supports trilinear
Init: D3D Driver: Supports specular gouraud
Init: D3D Driver: Supports BLENDDIFFUSEALPHA
Localization: No localization: Engine.General.ViewOther (int)
Init: Rendertarget format: D3DFMT_X8R8G8B8
Init: Clipper texture created
Log: SetRes(NewX=948,NewY=449,NewColorBytes=4,Fullscreen0) (this:22a30000);
Init: D3D Driver: Supports trilinear
Init: D3D Driver: Supports specular gouraud
Init: D3D Driver: Supports BLENDDIFFUSEALPHA
Localization: No localization: Engine.General.ViewYZ (int)
Init: Rendertarget format: D3DFMT_X8R8G8B8
Init: Clipper texture created
Init: Input system initialized for MeshViewer
Localization: No localization: Engine.General.ViewYZ (int)
Localization: No localization: Engine.General.ViewOther (int)
Localization: No localization: Engine.General.ViewOther (int)
Log: Trying SoftDrv.SoftwareRenderDevice
Localization: No localization: Engine.General.ViewOther (int)
Cmd: CAMERA UPDATE NAME=MeshViewer MESH="alien_Adultsnatcher" FLAGS=8832 REN=18 MISC1=24749 MISC2=0
Cmd: CAMERA UPDATE NAME=MeshViewer MESH="alien_Adultsnatcher" FLAGS=8832 REN=18 MISC1=24749 MISC2=0
Cmd: CAMERA UPDATE NAME=MeshViewer MESH="alien_Adultsnatcher" FLAGS=8832 REN=18 MISC1=24749 MISC2=0
Localization: No localization: Engine.General.ViewOther (int)
Log: SetRes(NewX=460,NewY=356,NewColorBytes=4,Fullscreen0) (this:24110000);
Init: D3D Driver: Supports trilinear
Init: D3D Driver: Supports specular gouraud
Init: D3D Driver: Supports BLENDDIFFUSEALPHA
Init: Rendertarget format: D3DFMT_X8R8G8B8
Init: Clipper texture created
Cmd: SETPAUSE 0
Localization: No localization: Engine.General.ViewOther (int)
Localization: No localization: Engine.General.ViewOther (int)
Cmd: SETPAUSE 0
Localization: No localization: Engine.General.ViewOther (int)
Log: 4.00 216.00 488.00 104.00
Localization: No localization: Engine.General.ViewOther (int)
Log: 4.00 216.00 488.00 104.00
Log: 4.00 216.00 488.00 104.00
Cmd: SETPAUSE 0
Localization: No localization: Engine.General.ViewOther (int)
Localization: No localization: Engine.General.ViewOther (int)
Cmd: SETPAUSE 0
Localization: No localization: Engine.General.ViewOther (int)
Init: Input system initialized for TextureBrowser
Localization: No localization: Engine.General.ViewOther (int)
Localization: No localization: Engine.General.ViewOther (int)
Localization: No localization: Engine.General.ViewOther (int)
Log: Trying SoftDrv.SoftwareRenderDevice
Localization: No localization: Engine.General.ViewOther (int)
Localization: No localization: Engine.General.ViewOther (int)
Cmd: SETPAUSE 0
Localization: No localization: Engine.General.ViewOther (int)
Localization: No localization: Engine.General.ViewOther (int)
Cmd: CAMERA UPDATE FLAGS=8832 MISC1=128 MISC2=0 REN=17 NAME=TextureBrowser PACKAGE="afbproship" GROUP="WMD" NAMEFILTER=""
Localization: No localization: Engine.General.ViewOther (int)
Cmd: SETPAUSE 0
Localization: No localization: Engine.General.ViewOther (int)
Log: SetRes(NewX=874,NewY=439,NewColorBytes=4,Fullscreen0) (this:0f4b0000);
Init: D3D Driver: Supports trilinear
Init: D3D Driver: Supports specular gouraud
Init: D3D Driver: Supports BLENDDIFFUSEALPHA
Localization: No localization: Engine.General.ViewXY (int)
Init: Rendertarget format: D3DFMT_X8R8G8B8
Init: Clipper texture created
Log: SetRes(NewX=948,NewY=439,NewColorBytes=4,Fullscreen0) (this:227f0000);
Init: D3D Driver: Supports trilinear
Init: D3D Driver: Supports specular gouraud
Init: D3D Driver: Supports BLENDDIFFUSEALPHA
Localization: No localization: Engine.General.ViewXZ (int)
Init: Rendertarget format: D3DFMT_X8R8G8B8
Init: Clipper texture created
Log: SetRes(NewX=874,NewY=439,NewColorBytes=4,Fullscreen0) (this:22910000);
Init: D3D Driver: Supports trilinear
Init: D3D Driver: Supports specular gouraud
Init: D3D Driver: Supports BLENDDIFFUSEALPHA
Localization: No localization: Engine.General.ViewOther (int)
Init: Rendertarget format: D3DFMT_X8R8G8B8
Init: Clipper texture created
Log: SetRes(NewX=948,NewY=439,NewColorBytes=4,Fullscreen0) (this:22a30000);
Init: D3D Driver: Supports trilinear
Init: D3D Driver: Supports specular gouraud
Init: D3D Driver: Supports BLENDDIFFUSEALPHA
Localization: No localization: Engine.General.ViewYZ (int)
Init: Rendertarget format: D3DFMT_X8R8G8B8
Init: Clipper texture created
Log: SetRes(NewX=51,NewY=0,NewColorBytes=4,Fullscreen0) (this:0f4b0000);
Init: D3D Driver: Supports trilinear
Init: D3D Driver: Supports specular gouraud
Init: D3D Driver: Supports BLENDDIFFUSEALPHA
Localization: No localization: Engine.General.ViewXY (int)
Init: Rendertarget format: D3DFMT_X8R8G8B8
Init: Clipper texture created
Log: SetRes(NewX=56,NewY=0,NewColorBytes=4,Fullscreen0) (this:227f0000);
Init: D3D Driver: Supports trilinear
Init: D3D Driver: Supports specular gouraud
Init: D3D Driver: Supports BLENDDIFFUSEALPHA
Localization: No localization: Engine.General.ViewXZ (int)
Init: Rendertarget format: D3DFMT_X8R8G8B8
Init: Clipper texture created
Log: SetRes(NewX=51,NewY=0,NewColorBytes=4,Fullscreen0) (this:22910000);
Init: D3D Driver: Supports trilinear
Init: D3D Driver: Supports specular gouraud
Init: D3D Driver: Supports BLENDDIFFUSEALPHA
Localization: No localization: Engine.General.ViewOther (int)
Init: Rendertarget format: D3DFMT_X8R8G8B8
Init: Clipper texture created
Log: SetRes(NewX=56,NewY=0,NewColorBytes=4,Fullscreen0) (this:22a30000);
Init: D3D Driver: Supports trilinear
Init: D3D Driver: Supports specular gouraud
Init: D3D Driver: Supports BLENDDIFFUSEALPHA
Localization: No localization: Engine.General.ViewYZ (int)
Init: Rendertarget format: D3DFMT_X8R8G8B8
Init: Clipper texture created
Cmd: SETPAUSE 1
Localization: No localization: Engine.General.ViewOther (int)
Log: SetRes(NewX=874,NewY=439,NewColorBytes=4,Fullscreen0) (this:0f4b0000);
Init: D3D Driver: Supports trilinear
Init: D3D Driver: Supports specular gouraud
Init: D3D Driver: Supports BLENDDIFFUSEALPHA
Localization: No localization: Engine.General.ViewXY (int)
Init: Rendertarget format: D3DFMT_X8R8G8B8
Init: Clipper texture created
Log: SetRes(NewX=948,NewY=439,NewColorBytes=4,Fullscreen0) (this:227f0000);
Init: D3D Driver: Supports trilinear
Init: D3D Driver: Supports specular gouraud
Init: D3D Driver: Supports BLENDDIFFUSEALPHA
Localization: No localization: Engine.General.ViewXZ (int)
Init: Rendertarget format: D3DFMT_X8R8G8B8
Init: Clipper texture created
Log: SetRes(NewX=874,NewY=439,NewColorBytes=4,Fullscreen0) (this:22910000);
Init: D3D Driver: Supports trilinear
Init: D3D Driver: Supports specular gouraud
Init: D3D Driver: Supports BLENDDIFFUSEALPHA
Localization: No localization: Engine.General.ViewOther (int)
Init: Rendertarget format: D3DFMT_X8R8G8B8
Init: Clipper texture created
Log: SetRes(NewX=948,NewY=439,NewColorBytes=4,Fullscreen0) (this:22a30000);
Init: D3D Driver: Supports trilinear
Init: D3D Driver: Supports specular gouraud
Init: D3D Driver: Supports BLENDDIFFUSEALPHA
Localization: No localization: Engine.General.ViewYZ (int)
Init: Rendertarget format: D3DFMT_X8R8G8B8
Init: Clipper texture created
Log: Unloading TrueType fonts.
Init: Input system initialized for TextureBrowser
Localization: No localization: Engine.General.ViewOther (int)
Localization: No localization: Engine.General.ViewOther (int)
Log: Trying SoftDrv.SoftwareRenderDevice
Localization: No localization: Engine.General.ViewOther (int)
Localization: No localization: Engine.General.ViewOther (int)
Cmd: SETPAUSE 0
Localization: No localization: Engine.General.ViewOther (int)
Localization: No localization: Engine.General.ViewOther (int)
Cmd: CAMERA UPDATE FLAGS=8832 MISC1=128 MISC2=0 REN=17 NAME=TextureBrowser PACKAGE="afbproship" GROUP="WMD" NAMEFILTER=""
Localization: No localization: Engine.General.ViewOther (int)
Cmd: SETPAUSE 1
Localization: No localization: Engine.General.ViewOther (int)
Cmd: OBJ LOAD FILE="S:\DNF\Original files\October 26\Textures\duke.dtx"
Log: Loading: Package Duke
Log: Matched Viewport U2Viewport0
Log: Matched Viewport U2Viewport1
Log: Matched Viewport U2Viewport2
Log: Matched Viewport U2Viewport3
Log: Matched Viewport MeshViewer
Log: Matched Viewport TextureBrowser
Cmd: CAMERA UPDATE NAME=MeshViewer MESH="alien_Adultsnatcher" FLAGS=8832 REN=18 MISC1=24749 MISC2=0
Cmd: CAMERA UPDATE NAME=MeshViewer MESH="alien_Adultsnatcher" FLAGS=8832 REN=18 MISC1=24749 MISC2=0
Cmd: CAMERA UPDATE NAME=MeshViewer MESH="alien_Adultsnatcher" FLAGS=8832 REN=18 MISC1=24749 MISC2=0
Cmd: CAMERA UPDATE FLAGS=8832 MISC1=128 MISC2=0 REN=17 NAME=TextureBrowser PACKAGE="afbproship" GROUP="WMD" NAMEFILTER=""
Cmd: CAMERA UPDATE FLAGS=8832 MISC1=128 MISC2=0 REN=17 NAME=TextureBrowser PACKAGE="Duke" GROUP="Skins" NAMEFILTER=""
Cmd: OBJ LOAD FILE="S:\DNF\Original files\October 26\Textures\m_characters.Dtx"
Log: Resetting loader for package (../Textures/m_characters.dtx, S:\DNF\Original files\October 26\Textures\m_characters.Dtx)
Log: Unloading: Package m_characters
Log: Loading: Package m_characters
Log: Matched Viewport U2Viewport0
Log: Matched Viewport U2Viewport1
Log: Matched Viewport U2Viewport2
Log: Matched Viewport U2Viewport3
Log: Matched Viewport MeshViewer
Log: Matched Viewport TextureBrowser
Cmd: CAMERA UPDATE NAME=MeshViewer MESH="alien_Adultsnatcher" FLAGS=8832 REN=18 MISC1=24749 MISC2=0
Cmd: CAMERA UPDATE NAME=MeshViewer MESH="alien_Adultsnatcher" FLAGS=8832 REN=18 MISC1=24749 MISC2=0
Cmd: CAMERA UPDATE NAME=MeshViewer MESH="alien_Adultsnatcher" FLAGS=8832 REN=18 MISC1=24749 MISC2=0
Cmd: CAMERA UPDATE FLAGS=8832 MISC1=128 MISC2=0 REN=17 NAME=TextureBrowser PACKAGE="Duke" GROUP="Skins" NAMEFILTER=""
Cmd: CAMERA UPDATE FLAGS=8832 MISC1=128 MISC2=0 REN=17 NAME=TextureBrowser PACKAGE="m_characters" GROUP="" NAMEFILTER=""
Localization: No localization: Engine.General.ViewOther (int)
Cmd: NextWeaponAction
Log: WM_MOUSEWHEEL -120 -1
Cmd: CAMERA UPDATE FLAGS=8832 MISC1=128 MISC2=64 REN=17 NAME=TextureBrowser PACKAGE="m_characters" GROUP="" NAMEFILTER=""
Cmd: NextWeaponAction
Log: WM_MOUSEWHEEL -120 -1
Cmd: CAMERA UPDATE FLAGS=8832 MISC1=128 MISC2=128 REN=17 NAME=TextureBrowser PACKAGE="m_characters" GROUP="" NAMEFILTER=""
Cmd: NextWeaponAction
Log: WM_MOUSEWHEEL -120 -1
Cmd: CAMERA UPDATE FLAGS=8832 MISC1=128 MISC2=192 REN=17 NAME=TextureBrowser PACKAGE="m_characters" GROUP="" NAMEFILTER=""
Cmd: NextWeaponAction
Log: WM_MOUSEWHEEL -120 -1
Cmd: CAMERA UPDATE FLAGS=8832 MISC1=128 MISC2=256 REN=17 NAME=TextureBrowser PACKAGE="m_characters" GROUP="" NAMEFILTER=""
Cmd: NextWeaponAction
Log: WM_MOUSEWHEEL -120 -1
Cmd: CAMERA UPDATE FLAGS=8832 MISC1=128 MISC2=320 REN=17 NAME=TextureBrowser PACKAGE="m_characters" GROUP="" NAMEFILTER=""
Cmd: NextWeaponAction
Log: WM_MOUSEWHEEL -240 -2
Cmd: CAMERA UPDATE FLAGS=8832 MISC1=128 MISC2=384 REN=17 NAME=TextureBrowser PACKAGE="m_characters" GROUP="" NAMEFILTER=""
Cmd: NextWeaponAction
Log: WM_MOUSEWHEEL -240 -2
Cmd: CAMERA UPDATE FLAGS=8832 MISC1=128 MISC2=448 REN=17 NAME=TextureBrowser PACKAGE="m_characters" GROUP="" NAMEFILTER=""
Cmd: NextWeaponAction
Log: WM_MOUSEWHEEL -240 -2
Cmd: CAMERA UPDATE FLAGS=8832 MISC1=128 MISC2=512 REN=17 NAME=TextureBrowser PACKAGE="m_characters" GROUP="" NAMEFILTER=""
Cmd: NextWeaponAction
Log: WM_MOUSEWHEEL -120 -1
Cmd: CAMERA UPDATE FLAGS=8832 MISC1=128 MISC2=576 REN=17 NAME=TextureBrowser PACKAGE="m_characters" GROUP="" NAMEFILTER=""
Cmd: NextWeaponAction
Log: WM_MOUSEWHEEL -240 -2
Cmd: CAMERA UPDATE FLAGS=8832 MISC1=128 MISC2=640 REN=17 NAME=TextureBrowser PACKAGE="m_characters" GROUP="" NAMEFILTER=""
Cmd: NextWeaponAction
Log: WM_MOUSEWHEEL -120 -1
Cmd: CAMERA UPDATE FLAGS=8832 MISC1=128 MISC2=704 REN=17 NAME=TextureBrowser PACKAGE="m_characters" GROUP="" NAMEFILTER=""
Cmd: NextWeaponAction
Log: WM_MOUSEWHEEL -240 -2
Cmd: CAMERA UPDATE FLAGS=8832 MISC1=128 MISC2=768 REN=17 NAME=TextureBrowser PACKAGE="m_characters" GROUP="" NAMEFILTER=""
Cmd: NextWeaponAction
Log: WM_MOUSEWHEEL -120 -1
Cmd: CAMERA UPDATE FLAGS=8832 MISC1=128 MISC2=832 REN=17 NAME=TextureBrowser PACKAGE="m_characters" GROUP="" NAMEFILTER=""
Cmd: NextWeaponAction
Log: WM_MOUSEWHEEL -120 -1
Cmd: CAMERA UPDATE FLAGS=8832 MISC1=128 MISC2=896 REN=17 NAME=TextureBrowser PACKAGE="m_characters" GROUP="" NAMEFILTER=""
Cmd: NextWeaponAction
Log: WM_MOUSEWHEEL -120 -1
Cmd: CAMERA UPDATE FLAGS=8832 MISC1=128 MISC2=960 REN=17 NAME=TextureBrowser PACKAGE="m_characters" GROUP="" NAMEFILTER=""
Cmd: NextWeaponAction
Log: WM_MOUSEWHEEL -120 -1
Cmd: CAMERA UPDATE FLAGS=8832 MISC1=128 MISC2=1024 REN=17 NAME=TextureBrowser PACKAGE="m_characters" GROUP="" NAMEFILTER=""
Cmd: NextWeaponAction
Log: WM_MOUSEWHEEL -120 -1
Cmd: CAMERA UPDATE FLAGS=8832 MISC1=128 MISC2=1088 REN=17 NAME=TextureBrowser PACKAGE="m_characters" GROUP="" NAMEFILTER=""
Cmd: NextWeaponAction
Log: WM_MOUSEWHEEL -120 -1
Cmd: CAMERA UPDATE FLAGS=8832 MISC1=128 MISC2=1152 REN=17 NAME=TextureBrowser PACKAGE="m_characters" GROUP="" NAMEFILTER=""
Cmd: NextWeaponAction
Log: WM_MOUSEWHEEL -120 -1
Cmd: CAMERA UPDATE FLAGS=8832 MISC1=128 MISC2=1216 REN=17 NAME=TextureBrowser PACKAGE="m_characters" GROUP="" NAMEFILTER=""
Cmd: NextWeaponAction
Log: WM_MOUSEWHEEL -120 -1
Cmd: CAMERA UPDATE FLAGS=8832 MISC1=128 MISC2=1280 REN=17 NAME=TextureBrowser PACKAGE="m_characters" GROUP="" NAMEFILTER=""
Cmd: NextWeaponAction
Log: WM_MOUSEWHEEL -120 -1
Cmd: CAMERA UPDATE FLAGS=8832 MISC1=128 MISC2=1344 REN=17 NAME=TextureBrowser PACKAGE="m_characters" GROUP="" NAMEFILTER=""
Cmd: NextWeaponAction
Log: WM_MOUSEWHEEL -120 -1
Cmd: CAMERA UPDATE FLAGS=8832 MISC1=128 MISC2=1408 REN=17 NAME=TextureBrowser PACKAGE="m_characters" GROUP="" NAMEFILTER=""
Cmd: NextWeaponAction
Log: WM_MOUSEWHEEL -120 -1
Cmd: CAMERA UPDATE FLAGS=8832 MISC1=128 MISC2=1472 REN=17 NAME=TextureBrowser PACKAGE="m_characters" GROUP="" NAMEFILTER=""
Cmd: NextWeaponAction
Log: WM_MOUSEWHEEL -120 -1
Cmd: CAMERA UPDATE FLAGS=8832 MISC1=128 MISC2=1474 REN=17 NAME=TextureBrowser PACKAGE="m_characters" GROUP="" NAMEFILTER=""
Cmd: NextWeaponAction
Log: WM_MOUSEWHEEL -120 -1
Cmd: CAMERA UPDATE FLAGS=8832 MISC1=128 MISC2=1474 REN=17 NAME=TextureBrowser PACKAGE="m_characters" GROUP="" NAMEFILTER=""
Cmd: NextWeaponAction
Log: WM_MOUSEWHEEL -120 -1
Cmd: CAMERA UPDATE FLAGS=8832 MISC1=128 MISC2=1474 REN=17 NAME=TextureBrowser PACKAGE="m_characters" GROUP="" NAMEFILTER=""
Cmd: NextWeaponAction
Log: WM_MOUSEWHEEL -120 -1
Cmd: CAMERA UPDATE FLAGS=8832 MISC1=128 MISC2=1474 REN=17 NAME=TextureBrowser PACKAGE="m_characters" GROUP="" NAMEFILTER=""
Cmd: NextWeaponAction
Log: WM_MOUSEWHEEL -120 -1
Cmd: CAMERA UPDATE FLAGS=8832 MISC1=128 MISC2=1474 REN=17 NAME=TextureBrowser PACKAGE="m_characters" GROUP="" NAMEFILTER=""
Cmd: SETPAUSE 0
Localization: No localization: Engine.General.ViewOther (int)
Cmd: FireDown 
Cmd: OnRelease FireUp
Cmd: FireUp
Cmd: POLY DEFAULT TEXTURE=TEMPDuke1
Cmd: POLY SET TEXTURE=TEMPDuke1
Cmd: AltFireDown 
Cmd: OnRelease AltFireUp
Cmd: AltFireUp
Init: Input system initialized for TextureProp0
Localization: No localization: Engine.General.ViewOther (int)
Localization: No localization: Engine.General.ViewOther (int)
Localization: No localization: Engine.General.ViewOther (int)
Log: Trying SoftDrv.SoftwareRenderDevice
Localization: No localization: Engine.General.ViewOther (int)
Cmd: SETPAUSE 1
Localization: No localization: Engine.General.ViewOther (int)
Cmd: SETPAUSE 0
Localization: No localization: Engine.General.ViewOther (int)
Cmd: SETPAUSE 1
Localization: No localization: Engine.General.ViewOther (int)
Log: Unloading TrueType fonts.
Cmd: SETPAUSE 0
Localization: No localization: Engine.General.ViewOther (int)
Cmd: AltFireDown 
Cmd: OnRelease AltFireUp
Cmd: AltFireUp
Cmd: SETPAUSE 1
Localization: No localization: Engine.General.ViewOther (int)
Cmd: OBJ EXPORT TYPE=TEXTURE NAME="TEMPDuke1" FILE="S:\DNF\Original files\October 26\Textures\TEMPDuke1.bmp"
Cmd: SETPAUSE 0
Localization: No localization: Engine.General.ViewOther (int)
Cmd: AltFireDown 
Cmd: OnRelease AltFireUp
Cmd: AltFireUp
Cmd: SETPAUSE 1
Localization: No localization: Engine.General.ViewOther (int)
Cmd: PrevWeaponAction
Log: WM_MOUSEWHEEL 120 1
Cmd: CAMERA UPDATE FLAGS=8832 MISC1=128 MISC2=1410 REN=17 NAME=TextureBrowser PACKAGE="m_characters" GROUP="" NAMEFILTER=""
Cmd: PrevWeaponAction
Log: WM_MOUSEWHEEL 120 1
Cmd: CAMERA UPDATE FLAGS=8832 MISC1=128 MISC2=1346 REN=17 NAME=TextureBrowser PACKAGE="m_characters" GROUP="" NAMEFILTER=""
Cmd: PrevWeaponAction
Log: WM_MOUSEWHEEL 120 1
Cmd: CAMERA UPDATE FLAGS=8832 MISC1=128 MISC2=1282 REN=17 NAME=TextureBrowser PACKAGE="m_characters" GROUP="" NAMEFILTER=""
Cmd: PrevWeaponAction
Log: WM_MOUSEWHEEL 120 1
Cmd: CAMERA UPDATE FLAGS=8832 MISC1=128 MISC2=1218 REN=17 NAME=TextureBrowser PACKAGE="m_characters" GROUP="" NAMEFILTER=""
Cmd: PrevWeaponAction
Log: WM_MOUSEWHEEL 120 1
Cmd: CAMERA UPDATE FLAGS=8832 MISC1=128 MISC2=1154 REN=17 NAME=TextureBrowser PACKAGE="m_characters" GROUP="" NAMEFILTER=""
Cmd: PrevWeaponAction
Log: WM_MOUSEWHEEL 120 1
Cmd: CAMERA UPDATE FLAGS=8832 MISC1=128 MISC2=1090 REN=17 NAME=TextureBrowser PACKAGE="m_characters" GROUP="" NAMEFILTER=""
Cmd: PrevWeaponAction
Log: WM_MOUSEWHEEL 120 1
Cmd: CAMERA UPDATE FLAGS=8832 MISC1=128 MISC2=1026 REN=17 NAME=TextureBrowser PACKAGE="m_characters" GROUP="" NAMEFILTER=""
Cmd: PrevWeaponAction
Log: WM_MOUSEWHEEL 120 1
Cmd: CAMERA UPDATE FLAGS=8832 MISC1=128 MISC2=962 REN=17 NAME=TextureBrowser PACKAGE="m_characters" GROUP="" NAMEFILTER=""
Cmd: PrevWeaponAction
Log: WM_MOUSEWHEEL 120 1
Cmd: CAMERA UPDATE FLAGS=8832 MISC1=128 MISC2=898 REN=17 NAME=TextureBrowser PACKAGE="m_characters" GROUP="" NAMEFILTER=""
Cmd: PrevWeaponAction
Log: WM_MOUSEWHEEL 120 1
Cmd: CAMERA UPDATE FLAGS=8832 MISC1=128 MISC2=834 REN=17 NAME=TextureBrowser PACKAGE="m_characters" GROUP="" NAMEFILTER=""
Cmd: NextWeaponAction
Log: WM_MOUSEWHEEL -120 -1
Cmd: CAMERA UPDATE FLAGS=8832 MISC1=128 MISC2=898 REN=17 NAME=TextureBrowser PACKAGE="m_characters" GROUP="" NAMEFILTER=""
Cmd: NextWeaponAction
Log: WM_MOUSEWHEEL -120 -1
Cmd: CAMERA UPDATE FLAGS=8832 MISC1=128 MISC2=962 REN=17 NAME=TextureBrowser PACKAGE="m_characters" GROUP="" NAMEFILTER=""
Cmd: NextWeaponAction
Log: WM_MOUSEWHEEL -120 -1
Cmd: CAMERA UPDATE FLAGS=8832 MISC1=128 MISC2=1026 REN=17 NAME=TextureBrowser PACKAGE="m_characters" GROUP="" NAMEFILTER=""
Cmd: NextWeaponAction
Log: WM_MOUSEWHEEL -120 -1
Cmd: CAMERA UPDATE FLAGS=8832 MISC1=128 MISC2=1090 REN=17 NAME=TextureBrowser PACKAGE="m_characters" GROUP="" NAMEFILTER=""
Cmd: NextWeaponAction
Log: WM_MOUSEWHEEL -120 -1
Cmd: CAMERA UPDATE FLAGS=8832 MISC1=128 MISC2=1154 REN=17 NAME=TextureBrowser PACKAGE="m_characters" GROUP="" NAMEFILTER=""
Cmd: PrevWeaponAction
Log: WM_MOUSEWHEEL 120 1
Cmd: CAMERA UPDATE FLAGS=8832 MISC1=128 MISC2=1090 REN=17 NAME=TextureBrowser PACKAGE="m_characters" GROUP="" NAMEFILTER=""
Cmd: PrevWeaponAction
Log: WM_MOUSEWHEEL 120 1
Cmd: CAMERA UPDATE FLAGS=8832 MISC1=128 MISC2=1026 REN=17 NAME=TextureBrowser PACKAGE="m_characters" GROUP="" NAMEFILTER=""
Cmd: PrevWeaponAction
Log: WM_MOUSEWHEEL 120 1
Cmd: CAMERA UPDATE FLAGS=8832 MISC1=128 MISC2=962 REN=17 NAME=TextureBrowser PACKAGE="m_characters" GROUP="" NAMEFILTER=""
Cmd: PrevWeaponAction
Log: WM_MOUSEWHEEL 120 1
Cmd: CAMERA UPDATE FLAGS=8832 MISC1=128 MISC2=898 REN=17 NAME=TextureBrowser PACKAGE="m_characters" GROUP="" NAMEFILTER=""
Cmd: PrevWeaponAction
Log: WM_MOUSEWHEEL 120 1
Cmd: CAMERA UPDATE FLAGS=8832 MISC1=128 MISC2=834 REN=17 NAME=TextureBrowser PACKAGE="m_characters" GROUP="" NAMEFILTER=""
Cmd: PrevWeaponAction
Log: WM_MOUSEWHEEL 120 1
Cmd: CAMERA UPDATE FLAGS=8832 MISC1=128 MISC2=770 REN=17 NAME=TextureBrowser PACKAGE="m_characters" GROUP="" NAMEFILTER=""
Cmd: PrevWeaponAction
Log: WM_MOUSEWHEEL 120 1
Cmd: CAMERA UPDATE FLAGS=8832 MISC1=128 MISC2=706 REN=17 NAME=TextureBrowser PACKAGE="m_characters" GROUP="" NAMEFILTER=""
Cmd: NextWeaponAction
Log: WM_MOUSEWHEEL -120 -1
Cmd: CAMERA UPDATE FLAGS=8832 MISC1=128 MISC2=770 REN=17 NAME=TextureBrowser PACKAGE="m_characters" GROUP="" NAMEFILTER=""
Cmd: NextWeaponAction
Log: WM_MOUSEWHEEL -120 -1
Cmd: CAMERA UPDATE FLAGS=8832 MISC1=128 MISC2=834 REN=17 NAME=TextureBrowser PACKAGE="m_characters" GROUP="" NAMEFILTER=""
Cmd: NextWeaponAction
Log: WM_MOUSEWHEEL -120 -1
Cmd: CAMERA UPDATE FLAGS=8832 MISC1=128 MISC2=898 REN=17 NAME=TextureBrowser PACKAGE="m_characters" GROUP="" NAMEFILTER=""
Cmd: NextWeaponAction
Log: WM_MOUSEWHEEL -120 -1
Cmd: CAMERA UPDATE FLAGS=8832 MISC1=128 MISC2=962 REN=17 NAME=TextureBrowser PACKAGE="m_characters" GROUP="" NAMEFILTER=""
Cmd: NextWeaponAction
Log: WM_MOUSEWHEEL -120 -1
Cmd: CAMERA UPDATE FLAGS=8832 MISC1=128 MISC2=1026 REN=17 NAME=TextureBrowser PACKAGE="m_characters" GROUP="" NAMEFILTER=""
Cmd: NextWeaponAction
Log: WM_MOUSEWHEEL -120 -1
Cmd: CAMERA UPDATE FLAGS=8832 MISC1=128 MISC2=1090 REN=17 NAME=TextureBrowser PACKAGE="m_characters" GROUP="" NAMEFILTER=""
Cmd: NextWeaponAction
Log: WM_MOUSEWHEEL -120 -1
Cmd: CAMERA UPDATE FLAGS=8832 MISC1=128 MISC2=1154 REN=17 NAME=TextureBrowser PACKAGE="m_characters" GROUP="" NAMEFILTER=""
Cmd: NextWeaponAction
Log: WM_MOUSEWHEEL -120 -1
Cmd: CAMERA UPDATE FLAGS=8832 MISC1=128 MISC2=1218 REN=17 NAME=TextureBrowser PACKAGE="m_characters" GROUP="" NAMEFILTER=""
Cmd: NextWeaponAction
Log: WM_MOUSEWHEEL -120 -1
Cmd: CAMERA UPDATE FLAGS=8832 MISC1=128 MISC2=1282 REN=17 NAME=TextureBrowser PACKAGE="m_characters" GROUP="" NAMEFILTER=""
Cmd: NextWeaponAction
Log: WM_MOUSEWHEEL -120 -1
Cmd: CAMERA UPDATE FLAGS=8832 MISC1=128 MISC2=1346 REN=17 NAME=TextureBrowser PACKAGE="m_characters" GROUP="" NAMEFILTER=""
Cmd: NextWeaponAction
Log: WM_MOUSEWHEEL -120 -1
Cmd: CAMERA UPDATE FLAGS=8832 MISC1=128 MISC2=1410 REN=17 NAME=TextureBrowser PACKAGE="m_characters" GROUP="" NAMEFILTER=""
Cmd: NextWeaponAction
Log: WM_MOUSEWHEEL -120 -1
Cmd: CAMERA UPDATE FLAGS=8832 MISC1=128 MISC2=1474 REN=17 NAME=TextureBrowser PACKAGE="m_characters" GROUP="" NAMEFILTER=""
Cmd: NextWeaponAction
Log: WM_MOUSEWHEEL -120 -1
Cmd: CAMERA UPDATE FLAGS=8832 MISC1=128 MISC2=1474 REN=17 NAME=TextureBrowser PACKAGE="m_characters" GROUP="" NAMEFILTER=""
Cmd: PrevWeaponAction
Log: WM_MOUSEWHEEL 120 1
Cmd: CAMERA UPDATE FLAGS=8832 MISC1=128 MISC2=1410 REN=17 NAME=TextureBrowser PACKAGE="m_characters" GROUP="" NAMEFILTER=""
Cmd: PrevWeaponAction
Log: WM_MOUSEWHEEL 120 1
Cmd: CAMERA UPDATE FLAGS=8832 MISC1=128 MISC2=1346 REN=17 NAME=TextureBrowser PACKAGE="m_characters" GROUP="" NAMEFILTER=""
Cmd: PrevWeaponAction
Log: WM_MOUSEWHEEL 120 1
Cmd: CAMERA UPDATE FLAGS=8832 MISC1=128 MISC2=1282 REN=17 NAME=TextureBrowser PACKAGE="m_characters" GROUP="" NAMEFILTER=""
Cmd: PrevWeaponAction
Log: WM_MOUSEWHEEL 120 1
Cmd: CAMERA UPDATE FLAGS=8832 MISC1=128 MISC2=1218 REN=17 NAME=TextureBrowser PACKAGE="m_characters" GROUP="" NAMEFILTER=""
Cmd: PrevWeaponAction
Log: WM_MOUSEWHEEL 120 1
Cmd: CAMERA UPDATE FLAGS=8832 MISC1=128 MISC2=1154 REN=17 NAME=TextureBrowser PACKAGE="m_characters" GROUP="" NAMEFILTER=""
Cmd: PrevWeaponAction
Log: WM_MOUSEWHEEL 120 1
Cmd: CAMERA UPDATE FLAGS=8832 MISC1=128 MISC2=1090 REN=17 NAME=TextureBrowser PACKAGE="m_characters" GROUP="" NAMEFILTER=""
Cmd: PrevWeaponAction
Log: WM_MOUSEWHEEL 120 1
Cmd: CAMERA UPDATE FLAGS=8832 MISC1=128 MISC2=1026 REN=17 NAME=TextureBrowser PACKAGE="m_characters" GROUP="" NAMEFILTER=""
Cmd: PrevWeaponAction
Log: WM_MOUSEWHEEL 120 1
Cmd: CAMERA UPDATE FLAGS=8832 MISC1=128 MISC2=962 REN=17 NAME=TextureBrowser PACKAGE="m_characters" GROUP="" NAMEFILTER=""
Cmd: PrevWeaponAction
Log: WM_MOUSEWHEEL 120 1
Cmd: CAMERA UPDATE FLAGS=8832 MISC1=128 MISC2=898 REN=17 NAME=TextureBrowser PACKAGE="m_characters" GROUP="" NAMEFILTER=""
Cmd: PrevWeaponAction
Log: WM_MOUSEWHEEL 120 1
Cmd: CAMERA UPDATE FLAGS=8832 MISC1=128 MISC2=834 REN=17 NAME=TextureBrowser PACKAGE="m_characters" GROUP="" NAMEFILTER=""
Cmd: PrevWeaponAction
Log: WM_MOUSEWHEEL 120 1
Cmd: CAMERA UPDATE FLAGS=8832 MISC1=128 MISC2=770 REN=17 NAME=TextureBrowser PACKAGE="m_characters" GROUP="" NAMEFILTER=""
Cmd: PrevWeaponAction
Log: WM_MOUSEWHEEL 120 1
Cmd: CAMERA UPDATE FLAGS=8832 MISC1=128 MISC2=706 REN=17 NAME=TextureBrowser PACKAGE="m_characters" GROUP="" NAMEFILTER=""
Cmd: PrevWeaponAction
Log: WM_MOUSEWHEEL 120 1
Cmd: CAMERA UPDATE FLAGS=8832 MISC1=128 MISC2=642 REN=17 NAME=TextureBrowser PACKAGE="m_characters" GROUP="" NAMEFILTER=""
Cmd: PrevWeaponAction
Log: WM_MOUSEWHEEL 120 1
Cmd: CAMERA UPDATE FLAGS=8832 MISC1=128 MISC2=578 REN=17 NAME=TextureBrowser PACKAGE="m_characters" GROUP="" NAMEFILTER=""
Cmd: PrevWeaponAction
Log: WM_MOUSEWHEEL 120 1
Cmd: CAMERA UPDATE FLAGS=8832 MISC1=128 MISC2=514 REN=17 NAME=TextureBrowser PACKAGE="m_characters" GROUP="" NAMEFILTER=""
Cmd: PrevWeaponAction
Log: WM_MOUSEWHEEL 120 1
Cmd: CAMERA UPDATE FLAGS=8832 MISC1=128 MISC2=450 REN=17 NAME=TextureBrowser PACKAGE="m_characters" GROUP="" NAMEFILTER=""
Cmd: PrevWeaponAction
Log: WM_MOUSEWHEEL 120 1
Cmd: CAMERA UPDATE FLAGS=8832 MISC1=128 MISC2=386 REN=17 NAME=TextureBrowser PACKAGE="m_characters" GROUP="" NAMEFILTER=""
Cmd: PrevWeaponAction
Log: WM_MOUSEWHEEL 120 1
Cmd: CAMERA UPDATE FLAGS=8832 MISC1=128 MISC2=322 REN=17 NAME=TextureBrowser PACKAGE="m_characters" GROUP="" NAMEFILTER=""
Cmd: PrevWeaponAction
Log: WM_MOUSEWHEEL 120 1
Cmd: CAMERA UPDATE FLAGS=8832 MISC1=128 MISC2=258 REN=17 NAME=TextureBrowser PACKAGE="m_characters" GROUP="" NAMEFILTER=""
Cmd: PrevWeaponAction
Log: WM_MOUSEWHEEL 120 1
Cmd: CAMERA UPDATE FLAGS=8832 MISC1=128 MISC2=194 REN=17 NAME=TextureBrowser PACKAGE="m_characters" GROUP="" NAMEFILTER=""
Cmd: PrevWeaponAction
Log: WM_MOUSEWHEEL 120 1
Cmd: CAMERA UPDATE FLAGS=8832 MISC1=128 MISC2=130 REN=17 NAME=TextureBrowser PACKAGE="m_characters" GROUP="" NAMEFILTER=""
Cmd: PrevWeaponAction
Log: WM_MOUSEWHEEL 120 1
Cmd: CAMERA UPDATE FLAGS=8832 MISC1=128 MISC2=66 REN=17 NAME=TextureBrowser PACKAGE="m_characters" GROUP="" NAMEFILTER=""
Cmd: PrevWeaponAction
Log: WM_MOUSEWHEEL 120 1
Cmd: CAMERA UPDATE FLAGS=8832 MISC1=128 MISC2=2 REN=17 NAME=TextureBrowser PACKAGE="m_characters" GROUP="" NAMEFILTER=""
Cmd: PrevWeaponAction
Log: WM_MOUSEWHEEL 120 1
Cmd: CAMERA UPDATE FLAGS=8832 MISC1=128 MISC2=0 REN=17 NAME=TextureBrowser PACKAGE="m_characters" GROUP="" NAMEFILTER=""
Cmd: PrevWeaponAction
Log: WM_MOUSEWHEEL 120 1
Cmd: CAMERA UPDATE FLAGS=8832 MISC1=128 MISC2=0 REN=17 NAME=TextureBrowser PACKAGE="m_characters" GROUP="" NAMEFILTER=""
Cmd: PrevWeaponAction
Log: WM_MOUSEWHEEL 120 1
Cmd: CAMERA UPDATE FLAGS=8832 MISC1=128 MISC2=0 REN=17 NAME=TextureBrowser PACKAGE="m_characters" GROUP="" NAMEFILTER=""
Localization: No localization: Engine.General.ViewOther (int)
Localization: No localization: Engine.General.ViewOther (int)
Cmd: MAP LOAD FILE="S:\DNF\Original files\October 26\maps\ks_E3_CasinoGirl.dnf"
Log: New File, Existing Package (Package MyLevel, Package ks_E3_CasinoGirl)
Log: Loading: Package MyLevel
Log: Loading: Package Penthouse
Log: Loading: Package dcasino
Log: Loading: Package smk2
Log: Loading: Package stratosfear
Log: Loading: Package area51
Log: Loading: Package E3Voice
Log: Loading: Package smk1
Log: Created 16 shadowcaster render targets
Log: Collecting garbage
Log: Purging garbage - DispatchDestroy
Log: Purging garbage - DeleteGarbage
Log: Purging garbage - DeleteNames
Log: Garbage: objects: 51659->51611; refs: 819754
Log: Garbage collection complete.
Cmd: CAMERA UPDATE NAME=MeshViewer MESH="alien_Adultsnatcher" FLAGS=8832 REN=18 MISC1=24749 MISC2=0
Cmd: CAMERA UPDATE NAME=MeshViewer MESH="alien_Adultsnatcher" FLAGS=8832 REN=18 MISC1=24749 MISC2=0
Cmd: CAMERA UPDATE NAME=MeshViewer MESH="alien_Adultsnatcher" FLAGS=8832 REN=18 MISC1=24749 MISC2=0
Cmd: CAMERA UPDATE FLAGS=8832 MISC1=128 MISC2=0 REN=17 NAME=TextureBrowser PACKAGE="ezvend" GROUP="descriptions" NAMEFILTER=""
Cmd: SETPAUSE 0
Localization: No localization: Engine.General.ViewOther (int)
Cmd: AltFireDown 
Cmd: OnRelease AltFireUp
Cmd: AltFireUp
Cmd: FireDown 
Cmd: OnRelease FireUp
Cmd: FireUp
Cmd: FireDown 
Cmd: OnRelease FireUp
Cmd: FireUp
Cmd: FireDown 
Cmd: OnRelease FireUp
Cmd: FireUp
Cmd: FireDown 
Cmd: OnRelease FireUp
Cmd: FireUp
Cmd: FireDown 
Cmd: OnRelease FireUp
Cmd: FireUp
Cmd: AltFireDown 
Cmd: OnRelease AltFireUp
Cmd: AltFireUp
Cmd: FireDown 
Cmd: OnRelease FireUp
Cmd: FireUp
Cmd: FireDown 
Cmd: OnRelease FireUp
Cmd: FireUp
Cmd: SETPAUSE 1
Localization: No localization: Engine.General.ViewOther (int)
Cmd: SETPAUSE 0
Localization: No localization: Engine.General.ViewOther (int)
Cmd: FireDown 
Cmd: OnRelease FireUp
Cmd: FireUp
Cmd: SETPAUSE 1
Localization: No localization: Engine.General.ViewOther (int)
Cmd: SETPAUSE 0
Localization: No localization: DukeEd.General.Product (int)
Cmd: FireDown 
Cmd: OnRelease FireUp
Cmd: FireUp
Cmd: SETPAUSE 1
Localization: No localization: DukeEd.General.Product (int)
Cmd: SETPAUSE 0
Localization: No localization: DukeEd.General.Product (int)
Cmd: AltFireDown 
Cmd: OnRelease AltFireUp
Cmd: Jetpack
Cmd: DoEMPPulse
Cmd: Talk
Cmd: Talk
Cmd: DoEMPPulse
Cmd: PrevItem
Cmd: AltFireUp
Cmd: FireDown 
Cmd: OnRelease FireUp
Cmd: FireUp
Cmd: ZoomDown 
Cmd: OnRelease ZoomUp
Cmd: ZoomUp
Cmd: POLY SET SETFLAGS=524288 CLEARFLAGS=217100247 SURFACETAG=None
Cmd: FireDown 
Cmd: OnRelease FireUp
Cmd: FireUp
Cmd: POLY SET SETFLAGS=0 CLEARFLAGS=217624535 SURFACETAG=None
Cmd: POLY SET SETFLAGS=0 CLEARFLAGS=217624535 SURFACETAG=None
Cmd: AltFireDown 
Cmd: OnRelease AltFireUp
Cmd: AltFireUp
Log: ***** RtClickWindowCanADD
Log: GEditor->CurrentClass not set
Cmd: FireDown 
Cmd: OnRelease FireUp
Cmd: FireUp
Cmd: POLY SET SETFLAGS=0 CLEARFLAGS=217624535 SURFACETAG=None
Cmd: FireDown 
Cmd: OnRelease FireUp
Cmd: FireUp
Cmd: FireDown 
Cmd: OnRelease FireUp
Cmd: FireUp
Cmd: POLY SET SETFLAGS=32768 CLEARFLAGS=217591767 SURFACETAG=None
Cmd: AltFireDown 
Cmd: OnRelease AltFireUp
Cmd: DoZoomDown
Cmd: DuckDown 
Cmd: OnRelease DuckUp
Cmd: DuckUp
Cmd: JumpDown 
Cmd: OnRelease JumpUp
Cmd: JumpUp
Cmd: Type
Cmd: AltFireUp
Cmd: QuickKick
Cmd: InventoryAction 0
Cmd: InventoryAction 1
Cmd: FireDown 
Cmd: OnRelease FireUp
Cmd: FireUp
Cmd: SETPAUSE 1
Localization: No localization: DukeEd.General.Product (int)
Cmd: MAP LOAD FILE="S:\DNF\Original files\October 26\maps\ks_show_automap.dnf"
Log: Unloading: Package MyLevel
Log: New File, Existing Package (Package MyLevel, Package ks_show_automap)
Log: Loading: Package MyLevel
Log: Loading: Package a51_base1
Log: Loading: Package Area51_Level2
Log: Loading: Package Dam
Log: Loading: Package Area51_gen
Log: Loading: Package compflcs
Log: Loading: Package AirforceFlics
Log: Loading: Package Airforcebase3
Log: Replacing G_SecurityCam2 (Class) with Engine.DeleteMe.
Warning: Type mismatch in FogDistance of ZoneInfo: file 1, class 2
Warning: Skipping 1 bytes of type 1
Warning: Property DamagePerSec of Class dnGame.WaterZone not found
Warning: Skipping 4 bytes of type 2
Warning: Property bPainZone of Class dnGame.WaterZone not found
Warning: Skipping 0 bytes of type 3
Warning: Type mismatch in FogDistance of WaterZone: file 1, class 2
Warning: Skipping 1 bytes of type 1
Warning: Property Material of Texture is not serialiable
Warning: Skipping 1 bytes of type 5
Warning: Property Material of Texture is not serialiable
Warning: Skipping 1 bytes of type 5
Warning: Property Material of Texture is not serialiable
Warning: Skipping 1 bytes of type 5
Warning: Property Material of Texture is not serialiable
Warning: Skipping 1 bytes of type 5
Warning: Property Material of Texture is not serialiable
Warning: Skipping 1 bytes of type 5
Warning: Property Material of Texture is not serialiable
Warning: Skipping 1 bytes of type 5
Warning: Property Material of Texture is not serialiable
Warning: Skipping 1 bytes of type 5
Warning: Property Material of Texture is not serialiable
Warning: Skipping 1 bytes of type 5
Warning: Property Material of Texture is not serialiable
Warning: Skipping 1 bytes of type 5
Warning: Property Material of Texture is not serialiable
Warning: Skipping 1 bytes of type 5
Warning: Property Material of Texture is not serialiable
Warning: Skipping 1 bytes of type 5
Warning: Property Material of Texture is not serialiable
Warning: Skipping 1 bytes of type 5
Warning: Property Material of Texture is not serialiable
Warning: Skipping 1 bytes of type 5
Warning: Property Material of Texture is not serialiable
Warning: Skipping 1 bytes of type 5
Warning: Property Material of Texture is not serialiable
Warning: Skipping 1 bytes of type 5
Warning: Property Material of Texture is not serialiable
Warning: Skipping 1 bytes of type 5
Warning: Property Material of Texture is not serialiable
Warning: Skipping 1 bytes of type 5
Warning: Property Material of Texture is not serialiable
Warning: Skipping 1 bytes of type 5
Warning: Property Material of Texture is not serialiable
Warning: Skipping 1 bytes of type 5
Warning: Property Material of Texture is not serialiable
Warning: Skipping 1 bytes of type 5
Warning: Property Material of Texture is not serialiable
Warning: Skipping 1 bytes of type 5
Warning: Property Material of Texture is not serialiable
Warning: Skipping 1 bytes of type 5
Log: Loading: Package m_zone2_dam
Log: Collecting garbage
Log: Purging garbage - DispatchDestroy
Log: Purging garbage - DeleteGarbage
Log: Purging garbage - DeleteNames
Log: Garbage: objects: 55753->54140; refs: 985519
Log: Garbage collection complete.
Cmd: CAMERA UPDATE NAME=MeshViewer MESH="alien_Adultsnatcher" FLAGS=8832 REN=18 MISC1=24749 MISC2=0
Cmd: CAMERA UPDATE NAME=MeshViewer MESH="alien_Adultsnatcher" FLAGS=8832 REN=18 MISC1=24749 MISC2=0
Cmd: CAMERA UPDATE NAME=MeshViewer MESH="alien_Adultsnatcher" FLAGS=8832 REN=18 MISC1=24749 MISC2=0
Cmd: CAMERA UPDATE FLAGS=8832 MISC1=128 MISC2=0 REN=17 NAME=TextureBrowser PACKAGE="dukeED_gfx" GROUP="" NAMEFILTER=""
Cmd: SETPAUSE 0
Localization: No localization: DukeEd.General.Product (int)
Cmd: FireDown 
Cmd: OnRelease FireUp
Cmd: FireUp
Cmd: AltFireDown 
Cmd: OnRelease AltFireUp
Cmd: AltFireUp
Cmd: AltFireDown 
Cmd: OnRelease AltFireUp
Cmd: AltFireUp
Cmd: SETPAUSE 1
Localization: No localization: DukeEd.General.Product (int)
Cmd: HOOK PLAYMAP
Log: SetRes(NewX=51,NewY=0,NewColorBytes=4,Fullscreen0) (this:0f4b0000);
Init: D3D Driver: Supports trilinear
Init: D3D Driver: Supports specular gouraud
Init: D3D Driver: Supports BLENDDIFFUSEALPHA
Localization: No localization: Engine.General.ViewXY (int)
Init: Rendertarget format: D3DFMT_X8R8G8B8
Init: Clipper texture created
Log: SetRes(NewX=56,NewY=0,NewColorBytes=4,Fullscreen0) (this:227f0000);
Init: D3D Driver: Supports trilinear
Init: D3D Driver: Supports specular gouraud
Init: D3D Driver: Supports BLENDDIFFUSEALPHA
Localization: No localization: Engine.General.ViewXZ (int)
Init: Rendertarget format: D3DFMT_X8R8G8B8
Init: Clipper texture created
Log: SetRes(NewX=51,NewY=0,NewColorBytes=4,Fullscreen0) (this:22910000);
Init: D3D Driver: Supports trilinear
Init: D3D Driver: Supports specular gouraud
Init: D3D Driver: Supports BLENDDIFFUSEALPHA
Localization: No localization: Engine.General.ViewOther (int)
Init: Rendertarget format: D3DFMT_X8R8G8B8
Init: Clipper texture created
Log: SetRes(NewX=56,NewY=0,NewColorBytes=4,Fullscreen0) (this:22a30000);
Init: D3D Driver: Supports trilinear
Init: D3D Driver: Supports specular gouraud
Init: D3D Driver: Supports BLENDDIFFUSEALPHA
Localization: No localization: Engine.General.ViewYZ (int)
Init: Rendertarget format: D3DFMT_X8R8G8B8
Init: Clipper texture created
Cmd: MAP SAVE FILE=..\Maps\Autoplay.dnf
Log: Unloading: Package MyLevel
Log: Save=171.323028
Log: Moving '..\Maps\Save.tmp' to '..\Maps\Autoplay.dnf'
Log: LaunchURL DukeForever.exe Autoplay.dnf HWND=3739028 -log
Log: SetRes(NewX=874,NewY=439,NewColorBytes=4,Fullscreen0) (this:0f4b0000);
Init: D3D Driver: Supports trilinear
Init: D3D Driver: Supports specular gouraud
Init: D3D Driver: Supports BLENDDIFFUSEALPHA
Localization: No localization: Engine.General.ViewXY (int)
Init: Rendertarget format: D3DFMT_X8R8G8B8
Init: Clipper texture created
Log: SetRes(NewX=948,NewY=439,NewColorBytes=4,Fullscreen0) (this:227f0000);
Init: D3D Driver: Supports trilinear
Init: D3D Driver: Supports specular gouraud
Init: D3D Driver: Supports BLENDDIFFUSEALPHA
Localization: No localization: Engine.General.ViewXZ (int)
Init: Rendertarget format: D3DFMT_X8R8G8B8
Init: Clipper texture created
Log: SetRes(NewX=874,NewY=439,NewColorBytes=4,Fullscreen0) (this:22910000);
Init: D3D Driver: Supports trilinear
Init: D3D Driver: Supports specular gouraud
Init: D3D Driver: Supports BLENDDIFFUSEALPHA
Localization: No localization: Engine.General.ViewOther (int)
Init: Rendertarget format: D3DFMT_X8R8G8B8
Init: Clipper texture created
Log: SetRes(NewX=948,NewY=439,NewColorBytes=4,Fullscreen0) (this:22a30000);
Init: D3D Driver: Supports trilinear
Init: D3D Driver: Supports specular gouraud
Init: D3D Driver: Supports BLENDDIFFUSEALPHA
Localization: No localization: Engine.General.ViewYZ (int)
Init: Rendertarget format: D3DFMT_X8R8G8B8
Init: Clipper texture created
Log: Unloading TrueType fonts.
Log: Unloading TrueType fonts.
Log: Unloading TrueType fonts.
Log: Unloading TrueType fonts.
Log: Unloading TrueType fonts.
Log: Unloading TrueType fonts.
Log: appRequestExit(0)
Exit: Preparing to exit.
Log: Purging garbage - DispatchDestroy
Log: Unbound to Editor.dll
Log: Unbound to Engine.dll
Log: Unloading: Package Editor
Log: Unloading: Package Engine
Log: Unloading: Package Airforcebase3
Log: Unloading: Package AirforceFlics
Log: Unloading: Package compflcs
Log: Unloading: Package Area51_gen
Exit: Editor shut down
Log: Cannibal shutdown...
Log: ...Cannibal shutdown complete.
Log: Unbound to Galaxy.dll
DevAudio: Galaxy SetViewport: NULL
Exit: Galaxy shut down
Exit: Transaction tracking system shut down
Log: Unloading: Package UWindow
Log: Unbound to Fire.dll
Log: Unloading: Package Fire
Log: Unloading: Package IPServer
Log: Unbound to UWeb.dll
Log: Unloading: Package UWeb
Log: Unloading: Package UBrowser
Log: Unloading: Package dnParticles
Log: Unloading: Package t_generic
Log: Unloading: Package t_detail
Log: Unloading: Package t_firefx
Log: Unloading: Package a_impact
Log: Unloading: Package m_dnWeapon
Log: Unloading: Package palettes
Log: Unloading: Package m_vehicles
Log: Unloading: Package c_FX
Log: Unloading: Package t_explosionFx
Log: Unloading: Package dnModulation
Log: Unloading: Package afbproship
Log: Unloading: Package a_generic
Log: Unloading: Package mario
Log: Unloading: Package dnsWeapn
Log: Unloading: Package a_transport
Log: Unloading: Package t_test
Log: Unloading: Package m_generic
Log: Unloading: Package a_edf
Log: Unloading: Package c_generic
Log: Unloading: Package m_zone1_vegas
Log: Unloading: Package a_ambient
Log: Unloading: Package c_zone1_vegas
Log: Unloading: Package petalumahouse
Log: Unloading: Package dnGame
Log: Unloading: Package hud_effects
Log: Unloading: Package powerpuzzle1
Log: Unloading: Package c_dnWeapon
Log: Unloading: Package a_dukevoice
Log: Unloading: Package circuitpuzzle1
Log: Unloading: Package ezmail
Log: Unloading: Package c_characters
Log: Unloading: Package ezvend
Log: Unloading: Package EZPhone
Log: Unloading: Package c_dukeitems
Log: Unloading: Package a_zone1_vegas
Log: Unloading: Package keypads
Log: Unloading: Package m_turretfx
Log: Unloading: Package m_characters
Log: Unloading: Package a_switch
Log: Unloading: Package a_inventory
Log: Unloading: Package c_hands
Log: Unloading: Package a_creatures
Log: Unloading: Package m_hands
Log: Unloading: Package dnsMaterials
Log: Unloading: Package SMK6
Log: Unloading: Package crane
Log: Unloading: Package ts01
Log: Unloading: Package SMK5
Log: Unloading: Package dukeED_gfx
Log: Unloading: Package canvasfx
Log: Unloading: Package arcadeFX
Log: Unloading: Package ShieldFX
Log: Unloading: Package SMK4
Log: Unloading: Package vegas
Log: Unloading: Package smk8
Log: Unloading: Package a_npcvoice
Log: Unloading: Package modelfx
Log: Unloading: Package c_vehicles
Log: Unloading: Package D3DSounds
Log: Unloading: Package dnMountables
Log: Unloading: Package dnAI
Log: Unloading: Package m_zone3_canyon
Log: Unloading: Package c_zone3_canyon
Log: Unloading: Package TEMPVOICE
Log: Unloading: Package a_doors
Log: Unloading: Package m_fx
Log: Unloading: Package dnWindow
Log: Unloading: Package SMK3
Log: Unloading: Package SMK7
Log: Unloading: Package U_Generic
Log: Unloading: Package airforcebase
Log: Unloading: Package Airforcebase2
Log: Unloading: Package c_zone4_afb
Log: Unloading: Package RocketFX
Log: Unloading: Package U_Zone1_Vegas
Log: Unloading: Package U_Zone2_Dam
Log: Unloading: Package c_zone2_dam
Log: Unloading: Package U_Zone3_Canyon
Log: Unloading: Package U_Zone4_AFB
Log: Unloading: Package U_Zone5_Area51
Log: Unloading: Package c_zone5_area51
Log: Unloading: Package computer
Log: Unloading: Package m_zone5_area51
Log: Unloading: Package U_Zone6_Ship
Log: Unloading: Package dnMaterial
Log: Unloading: Package U_Fragment
Exit: Windows client shut down
Exit: Rendering shut down
Log: Unloading: Package Dam
Log: Unloading: Package Area51_Level2
Log: Unloading: Package a51_base1
Log: Unbound to SoftDrv.dll
Log: Unbound to D3DDrv.dll
Log: Unloading: Package Duke
Log: Unloading: Package Penthouse
Log: Unloading: Package dcasino
Log: Unloading: Package smk2
Log: Unloading: Package stratosfear
Log: Unloading: Package area51
Log: Unloading: Package E3Voice
Log: Unloading: Package smk1
Log: Unloading: Package m_zone2_dam
Log: Purging garbage - DeleteGarbage
Log: Purging garbage - DeleteNames
Log: Garbage: objects: 54105->0; refs: 985519
Exit: Object subsystem successfully closed.
Exit: Exiting.
Uninitialized: Name subsystem shut down
Uninitialized: Memory Allocation Status
Uninitialized: Curr Memory  0.251M /  3.496M
Uninitialized: Peak Memory  105.086M /  106.824M
Uninitialized: Allocs        6342 Current /  551175 Total
Uninitialized: Log file closed, 05/12/22 23:11:43
