Log: Log file open, 05/19/22 01:27:58
Init: Name subsystem initialized
Init: Detected: Microsoft Windows NT 6.2 (Build: 9200)
Init: Version: 400
Init: Compiled: Apr 22 2022 03:39:04
Init: Command line: 
Init: Base directory: S:\DukeRepo\DukeNukem2001\Stable\October26DXVK\System\
Init: Character set: Unicode
Init: Profile: BamBUI
Log: Bound to Engine.dll
Init: Object subsystem initialized.
Init: Computer: PAULPC
Init: User: ErrorMacro
Init: Memory total: Phys=2097151K Pagef=4194303K Virt=2097024K
Init: Working set: 32000 / 159000
Init: CPU Speed=4274.996603 MHz
Init: CPU Page size=4096, Processors=16
Init: CPU Detected: Unknown processor (AuhenicAD)
Init: CPU Features: CMov FPU RDTSC PAE MMX KNI
Log: Loading: Package Engine
Init: Unreal engine initialized.  Lincoln is pleased.
Init: Initializing DirectDraw
Log: DirectDraw drivers:
Log:    display (Первичный видеодрайвер)
Init: DirectDraw initialized successfully
Init: DirectInput initialized successfully.
Init: Win32 client initialized.
Init: Lighting manager initialized.
Init: Render core initialized.
Log: LoadMap: Entry
Log: Loading: Package Entry
Log: Loading: Package dnWindow
Log: Loading: Package UWindow
Log: Loading: Package dnGame
Log: Loading: Package hud_effects
Log: Loading: Package dnParticles
Log: Loading: Package t_generic
Log: Bound to Fire.dll
Log: Loading: Package Fire
Log: Loading: Package t_detail
Log: Loading: Package t_firefx
Log: Loading: Package a_impact
Log: Loading: Package m_dnWeapon
Log: Loading: Package palettes
Log: Loading: Package m_vehicles
Log: Loading: Package c_FX
Log: Loading: Package t_explosionFx
Log: Loading: Package dnModulation
Log: Loading: Package afbproship
Log: Loading: Package a_generic
Log: Loading: Package mario
Log: Loading: Package dnsWeapn
Log: Loading: Package a_transport
Log: Loading: Package t_test
Log: Loading: Package m_generic
Log: Loading: Package a_edf
Log: Loading: Package c_generic
Log: Loading: Package m_zone1_vegas
Log: Loading: Package a_ambient
Log: Loading: Package c_zone1_vegas
Log: Loading: Package petalumahouse
Log: Loading: Package powerpuzzle1
Log: Loading: Package c_dnWeapon
Log: Loading: Package a_dukevoice
Log: Loading: Package circuitpuzzle1
Log: Loading: Package ezmail
Log: Loading: Package c_characters
Log: Loading: Package ezvend
Log: Loading: Package EZPhone
Log: Loading: Package c_dukeitems
Log: Loading: Package a_zone1_vegas
Log: Loading: Package keypads
Log: Loading: Package m_turretfx
Log: Loading: Package m_characters
Log: Loading: Package a_switch
Log: Loading: Package a_inventory
Log: Loading: Package c_hands
Log: Loading: Package a_creatures
Log: Loading: Package m_hands
Log: Loading: Package dnsMaterials
Log: Loading: Package SMK6
Log: Loading: Package crane
Log: Loading: Package ts01
Log: Loading: Package dukeED_gfx
Log: Loading: Package SMK5
Log: Loading: Package SMK4
Log: Loading: Package ShieldFX
Log: Loading: Package vegas
Log: Loading: Package canvasfx
Log: Loading: Package arcadeFX
Log: Loading: Package smk8
Log: Loading: Package a_npcvoice
Log: Loading: Package modelfx
Log: Loading: Package c_vehicles
Log: Loading: Package D3DSounds
Log: Loading: Package UBrowser
Log: Loading: Package SMK3
Log: Loading: Package SMK7
Log: EndLoadMap
Log: LoadMap NumPreloads: 11978
Log: LoadMap PreloadSize: 929644
Log: LoadMap TexturePreloadSize: 413792
Log: LoadMap SerializeTime: 0.130752
Log: Setting Actor Collision.
Log: Entered SetActorCollision.
Log: Entering Actor collision loop 1.
Log: Created new collision hash.
Log: Exited SetActorCollision.
Log: Setting up sound damping table.
Log: Updating the level info's time.
Log: Init the game info.
Log: Get the GameInfo clas.
Log: Game class is 'DukeIntro'
Log: Bringing Level Entry.MyLevel up for play (0)...
ScriptLog: GameInfo::InitGame: 
ScriptLog: Base Mutator is Entry.Mutator___0
ScriptLog: Using GameReplicationInfo class:GameReplicationInfo
Log: Bound to Galaxy.dll
Init: Galaxy is using DirectSound
Init: Galaxy initialized
Log: DnExec: *** MusicPlay: Filename:DukeNukemTheme.mp3
Log: DnExec: Seconds: 13824.032912 CrossfadeStart:13824.032912
Log: LoadMap TotalTime: 0.313601
Log: URL: Original URL: Entry.dnf
Log: URL: Escaped URL: Entry.dnf
Log: Browse: Entry.dnf?Name=BamBUI?Class=dnGame.dnMalePlayer?team=0?Mesh=c_characters.Duke?Face=m_characters.TempDuke3?Torso=DukeColor.DukeFace_Brook?Arms=?Legs=DukeColor.DukeBlack_P?Voice=dngame.MalePlayerSounds?Icon=p_portraiticons.p_nukesymbol1?Spectate=
Log: LoadMap: Entry.dnf?Name=BamBUI?Class=dnGame.dnMalePlayer?team=0?Mesh=c_characters.Duke?Face=m_characters.TempDuke3?Torso=DukeColor.DukeFace_Brook?Arms=?Legs=DukeColor.DukeBlack_P?Voice=dngame.MalePlayerSounds?Icon=p_portraiticons.p_nukesymbol1?Spectate=
Log: EndLoadMap
Log: LoadMap NumPreloads: 0
Log: LoadMap PreloadSize: 0
Log: LoadMap TexturePreloadSize: 0
Log: LoadMap SerializeTime: 0.000000
Log: Setting Actor Collision.
Log: Entered SetActorCollision.
Log: Exited SetActorCollision.
Log: Setting up sound damping table.
Log: Updating the level info's time.
Log: Init the game info.
DevAudio: Galaxy SetViewport: NULL
Log: DnExec: *** MusicPlay: Filename:DukeNukemTheme.mp3
Log: DnExec: Seconds: 13824.035052 CrossfadeStart:13824.035052
Log: LoadMap TotalTime: 0.001904
Warning: ImportText: Bad termination
ScriptLog: Console: Duke Nukem Forever
ScriptLog: Console: Copyright 2000-2001 3D Realms, Inc.
ScriptLog: Console:  
ScriptLog: Console:  
Log: DnExec: *** MusicPlay: Filename:DukeNukemTheme.mp3
Log: DnExec: Seconds: 13824.219861 CrossfadeStart:13824.219861
ScriptLog: GameInfo::Login: BamBUI
ScriptLog: LOGIN:Spawning New Player Class dnGame.DukePlayer
Log: Loading: Package DukeColor
Log: Loading: Package p_portraiticons
Init: Input system initialized for WindowsViewport___0
Log: Trying D3DDrv.D3DRenderDevice
Log: Bound to D3DDrv.dll
Init: Direct3D adapters detected:
Log: Adaptor Detected: aticfx32.dll/AMD Radeon RX 5700 XT
Log: Adaptor Detected: aticfx32.dll/AMD Radeon RX 5700 XT
Init: DukeForever Direct3D support initializing.
Log: SetRes(NewX=1440,NewY=900,NewColorBytes=4,Fullscreen0) (this:18e50000);
Init: D3D Driver: Supports trilinear
Init: D3D Driver: Supports specular gouraud
Init: D3D Driver: Supports BLENDDIFFUSEALPHA
Init: Rendertarget format: D3DFMT_X8R8G8B8
Init: Clipper texture created
DevAudio: Galaxy SetViewport: WindowsViewport___0
Init: Game engine initialized
Log: Startup time: 1.193336 seconds
Log: DnExec: OpenNextMP3 NextJumpPattern:DukeNukemTheme.mp3 ChosenFilename:..\Music\DukeNukemTheme.mp3
Log: Created 16 shadowcaster render targets
Log: DukePlayer___0 fell out of the world!
Log: DnExec: *** MusicPlay: Filename:DukeNukemTheme.mp3
Log: DnExec: Seconds: 13824.657910 CrossfadeStart:13824.657910
Log: DnExec: *** MusicPlay: Filename:stinger
Log: DnExec: Seconds: 13824.657925 CrossfadeStart:13824.657925
Log: DnExec: OpenNextMP3 NextJumpPattern:stinger ChosenFilename:..\Music\stinger
Log: Loading: Package mtheme_cobaltblue
ScriptLog: Theme doesn't implement sunglassesTL reverting to mtheme_cobaltblue.
ScriptLog: Cobalt Blue theme doesn't implement sunglassesTL reverting to hud_effects.
ScriptLog: Theme doesn't implement sunglassesTR reverting to mtheme_cobaltblue.
ScriptLog: Cobalt Blue theme doesn't implement sunglassesTR reverting to hud_effects.
ScriptLog: Theme doesn't implement sunglassesBL reverting to mtheme_cobaltblue.
ScriptLog: Cobalt Blue theme doesn't implement sunglassesBL reverting to hud_effects.
ScriptLog: Theme doesn't implement sunglassesBR reverting to mtheme_cobaltblue.
ScriptLog: Cobalt Blue theme doesn't implement sunglassesBR reverting to hud_effects.
ScriptLog: Theme doesn't implement sunglassesTLglo reverting to mtheme_cobaltblue.
ScriptLog: Cobalt Blue theme doesn't implement sunglassesTLglo reverting to hud_effects.
ScriptLog: Theme doesn't implement sunglassesTRglo reverting to mtheme_cobaltblue.
ScriptLog: Cobalt Blue theme doesn't implement sunglassesTRglo reverting to hud_effects.
ScriptLog: Theme doesn't implement sunglassesBLglo reverting to mtheme_cobaltblue.
ScriptLog: Cobalt Blue theme doesn't implement sunglassesBLglo reverting to hud_effects.
ScriptLog: Theme doesn't implement sunglassesBRglo reverting to mtheme_cobaltblue.
ScriptLog: Cobalt Blue theme doesn't implement sunglassesBRglo reverting to hud_effects.
ScriptLog: Theme doesn't implement mover_tleft reverting to mtheme_cobaltblue.
ScriptLog: Cobalt Blue theme doesn't implement mover_tleft reverting to hud_effects.
ScriptLog: Theme doesn't implement mover_tright reverting to mtheme_cobaltblue.
ScriptLog: Cobalt Blue theme doesn't implement mover_tright reverting to hud_effects.
ScriptLog: Theme doesn't implement mover_bleft reverting to mtheme_cobaltblue.
ScriptLog: Cobalt Blue theme doesn't implement mover_bleft reverting to hud_effects.
ScriptLog: Theme doesn't implement mover_bright reverting to mtheme_cobaltblue.
ScriptLog: Cobalt Blue theme doesn't implement mover_bright reverting to hud_effects.
ScriptLog: Console: > open PTEST2
Log: URL: Original URL: PTEST2?noauto
Log: URL: Escaped URL: PTEST2?noauto
Log: Browse: PTEST2?Name=BamBUI?Class=dnGame.dnMalePlayer?team=0?Mesh=c_characters.Duke?Face=m_characters.TempDuke3?Torso=DukeColor.DukeFace_Brook?Arms=?Legs=DukeColor.DukeBlack_P?Voice=dngame.MalePlayerSounds?Icon=p_portraiticons.p_nukesymbol1?Spectate=?noauto
Log: LoadMap: PTEST2?Name=BamBUI?Class=dnGame.dnMalePlayer?team=0?Mesh=c_characters.Duke?Face=m_characters.TempDuke3?Torso=DukeColor.DukeFace_Brook?Arms=?Legs=DukeColor.DukeBlack_P?Voice=dngame.MalePlayerSounds?Icon=p_portraiticons.p_nukesymbol1?Spectate=?noauto
DevAudio: Galaxy SetViewport: WindowsViewport___0
Log: Inside appThrowf
Log: Can't find file 'PTEST2'
Warning: Failed to load 'PTEST2': Can't find file 'PTEST2'
Log: Inside appThrowf
Log: Can't find file 'PTEST2'
Log: Inside appThrowf
Log: Can't find file 'PTEST2'
ScriptWarning: UWindowMessageBoxCW Transient.UWindowMessageBoxCW___0 (Function UWindow.UWindowMessageBoxCW.Resized:0030) Accessed None
ScriptWarning: UWindowMessageBoxCW Transient.UWindowMessageBoxCW___0 (Function UWindow.UWindowMessageBoxCW.Resized:0030) Accessed None
ScriptLog: Console: > open Ptest/PTEST1
Log: URL: Original URL: Ptest/PTEST1?noauto
Log: URL: Escaped URL: Ptest/PTEST1?noauto
Log: Browse: Ptest?Name=BamBUI?Class=dnGame.dnMalePlayer?team=0?Mesh=c_characters.Duke?Face=m_characters.TempDuke3?Torso=DukeColor.DukeFace_Brook?Arms=?Legs=DukeColor.DukeBlack_P?Voice=dngame.MalePlayerSounds?Icon=p_portraiticons.p_nukesymbol1?Spectate=?noauto#PTEST1
Log: LoadMap: Ptest?Name=BamBUI?Class=dnGame.dnMalePlayer?team=0?Mesh=c_characters.Duke?Face=m_characters.TempDuke3?Torso=DukeColor.DukeFace_Brook?Arms=?Legs=DukeColor.DukeBlack_P?Voice=dngame.MalePlayerSounds?Icon=p_portraiticons.p_nukesymbol1?Spectate=?noauto#PTEST1
DevAudio: Galaxy SetViewport: WindowsViewport___0
Log: Inside appThrowf
Log: Can't find file 'Ptest'
Warning: Failed to load 'Ptest': Can't find file 'Ptest'
Log: Inside appThrowf
Log: Can't find file 'Ptest'
Log: Inside appThrowf
Log: Can't find file 'Ptest'
ScriptWarning: UWindowMessageBoxCW Transient.UWindowMessageBoxCW___1 (Function UWindow.UWindowMessageBoxCW.Resized:0030) Accessed None
ScriptWarning: UWindowMessageBoxCW Transient.UWindowMessageBoxCW___1 (Function UWindow.UWindowMessageBoxCW.Resized:0030) Accessed None
ScriptLog: Console: > open PTEST1
Log: URL: Original URL: PTEST1?noauto
Log: URL: Escaped URL: PTEST1?noauto
Log: Browse: PTEST1?Name=BamBUI?Class=dnGame.dnMalePlayer?team=0?Mesh=c_characters.Duke?Face=m_characters.TempDuke3?Torso=DukeColor.DukeFace_Brook?Arms=?Legs=DukeColor.DukeBlack_P?Voice=dngame.MalePlayerSounds?Icon=p_portraiticons.p_nukesymbol1?Spectate=?noauto
Log: LoadMap: PTEST1?Name=BamBUI?Class=dnGame.dnMalePlayer?team=0?Mesh=c_characters.Duke?Face=m_characters.TempDuke3?Torso=DukeColor.DukeFace_Brook?Arms=?Legs=DukeColor.DukeBlack_P?Voice=dngame.MalePlayerSounds?Icon=p_portraiticons.p_nukesymbol1?Spectate=?noauto
DevAudio: Galaxy SetViewport: WindowsViewport___0
Log: Inside appThrowf
Log: Can't find file 'PTEST1'
Warning: Failed to load 'PTEST1': Can't find file 'PTEST1'
Log: Inside appThrowf
Log: Can't find file 'PTEST1'
Log: Inside appThrowf
Log: Can't find file 'PTEST1'
ScriptWarning: UWindowMessageBoxCW Transient.UWindowMessageBoxCW___2 (Function UWindow.UWindowMessageBoxCW.Resized:0030) Accessed None
ScriptWarning: UWindowMessageBoxCW Transient.UWindowMessageBoxCW___2 (Function UWindow.UWindowMessageBoxCW.Resized:0030) Accessed None
ScriptLog: Console: > open PTEST1
Log: URL: Original URL: PTEST1?noauto
Log: URL: Escaped URL: PTEST1?noauto
Log: Browse: PTEST1?Name=BamBUI?Class=dnGame.dnMalePlayer?team=0?Mesh=c_characters.Duke?Face=m_characters.TempDuke3?Torso=DukeColor.DukeFace_Brook?Arms=?Legs=DukeColor.DukeBlack_P?Voice=dngame.MalePlayerSounds?Icon=p_portraiticons.p_nukesymbol1?Spectate=?noauto
Log: LoadMap: PTEST1?Name=BamBUI?Class=dnGame.dnMalePlayer?team=0?Mesh=c_characters.Duke?Face=m_characters.TempDuke3?Torso=DukeColor.DukeFace_Brook?Arms=?Legs=DukeColor.DukeBlack_P?Voice=dngame.MalePlayerSounds?Icon=p_portraiticons.p_nukesymbol1?Spectate=?noauto
DevAudio: Galaxy SetViewport: WindowsViewport___0
Log: Loading: Package PTEST1
Log: Loading: Package a_musicdance
Log: EndLoadMap
Log: LoadMap NumPreloads: 21
Log: LoadMap PreloadSize: 1090293
Log: LoadMap TexturePreloadSize: 22053
Log: LoadMap SerializeTime: 0.002180
Log: Purging Unused Objects.
Log: Collecting garbage
Log: Purging garbage - DispatchDestroy
Log: Purging garbage - DeleteGarbage
Log: Purging garbage - DeleteNames
Log: Garbage: objects: 24068->24030; refs: 261145
Log: Garbage collection complete.
Log: Unused Objects Purged.
Log: Setting Actor Collision.
Log: Entered SetActorCollision.
Log: Entering Actor collision loop 1.
Log: Created new collision hash.
Log: Exited SetActorCollision.
Log: Setting up sound damping table.
Log: Updating the level info's time.
Log: Init the game info.
Log: Get the GameInfo clas.
Log: Game class is 'dnSinglePlayer'
Log: Bringing Level PTEST1.MyLevel up for play (0)...
ScriptLog: GameInfo::InitGame: ?Name=BamBUI?Class=dnGame.dnMalePlayer?team=0?Mesh=c_characters.Duke?Face=m_characters.TempDuke3?Torso=DukeColor.DukeFace_Brook?Arms=?Legs=DukeColor.DukeBlack_P?Voice=dngame.MalePlayerSounds?Icon=p_portraiticons.p_nukesymbol1?Spectate=?noauto
ScriptLog: Base Mutator is PTEST1.Mutator___1
ScriptLog: Using GameReplicationInfo class:GameReplicationInfo
Log: Loading: Package dnai
Log: Loading: Package m_zone3_canyon
Log: Loading: Package c_zone3_canyon
Log: Loading: Package TEMPVOICE
Log: Loading: Package a_doors
Log: Loading: Package m_fx
Log: Loading: Package dnMountables
Log: Spawning new actor for Viewport WindowsViewport___0
ScriptLog: GameInfo::Login: BamBUI
ScriptLog: LOGIN:Spawning New Player Class dnGame.DukePlayer
Init: Initialized moving brush tracker for Level PTEST1.MyLevel
DevAudio: Galaxy SetViewport: WindowsViewport___0
Log: LoadMap TotalTime: 0.129995
Log: Loading: Package m_dukeitems
Log: Loading: Package area51_level2
Log: Loading: Package dnMaterial
Warning: Property Material of Texture is not serialiable
Warning: Skipping 1 bytes of type 5
ScriptLog: Attaching HUD:dnGame.DukeHUD
Log: DukePlayer___1 fell out of the world!
ScriptWarning: DukePlayerCarcass PTEST1.DukePlayerCarcass___0 (Function dnGame.dnCarcass.InitFor:00B0) Accessed None
Log: DnExec: *** MusicPlay: Filename:stinger
Log: DnExec: Seconds: 13879.315700 CrossfadeStart:13879.315700
Log: DnExec: OpenNextMP3 NextJumpPattern:stinger ChosenFilename:..\Music\stinger
Log: DnExec: Failed to open stream: ..\Music\stinger
Log: DukePlayerCarcass___0 fell out of the world!
Log: DukeMasterChunk___0 fell out of the world!
Log: Chunk_FleshB___0 fell out of the world!
Log: Chunk_FleshC___0 fell out of the world!
Log: Chunk_FleshA___0 fell out of the world!
Log: Chunk_FleshA___1 fell out of the world!
Log: Chunk_FleshB___1 fell out of the world!
Log: Chunk_FleshA___2 fell out of the world!
Log: Chunk_FleshB___2 fell out of the world!
Log: Chunk_OrganA___0 fell out of the world!
Log: Chunk_FleshB___3 fell out of the world!
Log: Chunk_OrganA___1 fell out of the world!
Log: HumanMeshChunk___0 fell out of the world!
Log: URL: Original URL: entry?nologo
Log: URL: Escaped URL: entry?nologo
Log: URL: Adding default option Name=BamBUI
Log: URL: Adding default option team=0
Log: URL: Adding default option Mesh=c_characters.Duke
Log: URL: Adding default option Face=m_characters.TempDuke3
Log: URL: Adding default option Torso=DukeColor.DukeFace_Brook
Log: URL: Adding default option Arms=
Log: URL: Adding default option Legs=DukeColor.DukeBlack_P
Log: URL: Adding default option Voice=dngame.MalePlayerSounds
Log: URL: Adding default option Spectate=
Log: Browse: entry?nologo?Name=BamBUI?team=0?Mesh=c_characters.Duke?Face=m_characters.TempDuke3?Torso=DukeColor.DukeFace_Brook?Arms=?Legs=DukeColor.DukeBlack_P?Voice=dngame.MalePlayerSounds?Spectate=
Log: LoadMap: entry?nologo?Name=BamBUI?team=0?Mesh=c_characters.Duke?Face=m_characters.TempDuke3?Torso=DukeColor.DukeFace_Brook?Arms=?Legs=DukeColor.DukeBlack_P?Voice=dngame.MalePlayerSounds?Spectate=
DevAudio: Galaxy SetViewport: WindowsViewport___0
Log: Resetting loader for package (../Maps/Entry.dnf, ../Maps/entry.dnf)
Log: Unloading: Package Entry
Log: Loading: Package Entry
Log: EndLoadMap
Init: Shut down moving brush tracker for Level PTEST1.MyLevel
Log: LoadMap NumPreloads: 6
Log: LoadMap PreloadSize: 1630
Log: LoadMap TexturePreloadSize: 0
Log: LoadMap SerializeTime: 0.000221
Log: Setting Actor Collision.
Log: Entered SetActorCollision.
Log: Entering Actor collision loop 1.
Log: Created new collision hash.
Log: Exited SetActorCollision.
Log: Setting up sound damping table.
Log: Updating the level info's time.
Log: Init the game info.
Log: Get the GameInfo clas.
Log: Game class is 'DukeIntro'
Log: Bringing Level Entry.MyLevel up for play (0)...
ScriptLog: GameInfo::InitGame: ?nologo?Name=BamBUI?team=0?Mesh=c_characters.Duke?Face=m_characters.TempDuke3?Torso=DukeColor.DukeFace_Brook?Arms=?Legs=DukeColor.DukeBlack_P?Voice=dngame.MalePlayerSounds?Spectate=
ScriptLog: Base Mutator is Entry.Mutator___2
ScriptLog: Using GameReplicationInfo class:GameReplicationInfo
Log: Spawning new actor for Viewport WindowsViewport___0
Log: DnExec: *** MusicPlay: Filename:DukeNukemTheme.mp3
Log: DnExec: Seconds: 13893.582794 CrossfadeStart:13893.582794
ScriptLog: GameInfo::Login: BamBUI
ScriptLog: LOGIN:Spawning New Player Class dnGame.DukePlayer
DevAudio: Galaxy SetViewport: WindowsViewport___0
Log: DnExec: *** MusicPlay: Filename:DukeNukemTheme.mp3
Log: DnExec: Seconds: 13893.584006 CrossfadeStart:13893.584006
Log: LoadMap TotalTime: 2.013328
Log: DnExec: OpenNextMP3 NextJumpPattern:DukeNukemTheme.mp3 ChosenFilename:..\Music\DukeNukemTheme.mp3
ScriptLog: Console: > open PTEST2
Log: URL: Original URL: PTEST2?noauto
Log: URL: Escaped URL: PTEST2?noauto
Log: Browse: PTEST2?nologo?Name=BamBUI?team=0?Mesh=c_characters.Duke?Face=m_characters.TempDuke3?Torso=DukeColor.DukeFace_Brook?Arms=?Legs=DukeColor.DukeBlack_P?Voice=dngame.MalePlayerSounds?Spectate=?noauto
Log: LoadMap: PTEST2?nologo?Name=BamBUI?team=0?Mesh=c_characters.Duke?Face=m_characters.TempDuke3?Torso=DukeColor.DukeFace_Brook?Arms=?Legs=DukeColor.DukeBlack_P?Voice=dngame.MalePlayerSounds?Spectate=?noauto
DevAudio: Galaxy SetViewport: WindowsViewport___0
Log: Loading: Package PTEST2
Log: Loading: Package dnWolf
Log: EndLoadMap
Log: LoadMap NumPreloads: 12
Log: LoadMap PreloadSize: 2837444
Log: LoadMap TexturePreloadSize: 11304
Log: LoadMap SerializeTime: 0.002728
Log: Purging Unused Objects.
Log: Collecting garbage
Log: Purging garbage - DispatchDestroy
Log: Unloading: Package p_portraiticons
Log: Unloading: Package dnMountables
Log: Unloading: Package m_fx
Log: Unloading: Package a_doors
Log: Unloading: Package TEMPVOICE
Log: Unloading: Package c_zone3_canyon
Log: Unloading: Package m_zone3_canyon
Log: Unloading: Package dnai
Log: Unloading: Package PTEST1
Log: Unloading: Package m_dukeitems
Log: Unloading: Package area51_level2
Log: Unloading: Package dnMaterial
Log: Purging garbage - DeleteGarbage
Log: Purging garbage - DeleteNames
Log: Garbage: objects: 29022->24131; refs: 263119
Log: Garbage collection complete.
Log: Unused Objects Purged.
Log: Setting Actor Collision.
Log: Entered SetActorCollision.
Log: Entering Actor collision loop 1.
Log: Created new collision hash.
Log: Exited SetActorCollision.
Log: Setting up sound damping table.
Log: Updating the level info's time.
Log: Init the game info.
Log: Get the GameInfo clas.
Log: Game class is 'dnSinglePlayer'
Log: Bringing Level PTEST2.MyLevel up for play (0)...
ScriptLog: GameInfo::InitGame: ?nologo?Name=BamBUI?team=0?Mesh=c_characters.Duke?Face=m_characters.TempDuke3?Torso=DukeColor.DukeFace_Brook?Arms=?Legs=DukeColor.DukeBlack_P?Voice=dngame.MalePlayerSounds?Spectate=?noauto
ScriptLog: Base Mutator is PTEST2.Mutator___3
ScriptLog: Using GameReplicationInfo class:GameReplicationInfo
Log: Loading: Package dnai
Log: Loading: Package m_zone3_canyon
Log: Loading: Package c_zone3_canyon
Log: Loading: Package TEMPVOICE
Log: Loading: Package a_doors
Log: Loading: Package m_fx
Log: Loading: Package dnMountables
Log: Spawning new actor for Viewport WindowsViewport___0
ScriptLog: GameInfo::Login: BamBUI
ScriptLog: LOGIN:Spawning New Player Class dnGame.DukePlayer
Init: Initialized moving brush tracker for Level PTEST2.MyLevel
DevAudio: Galaxy SetViewport: WindowsViewport___0
Log: LoadMap TotalTime: 0.141069
Log: Loading: Package area51_level2
Log: Loading: Package dnMaterial
Warning: Property Material of Texture is not serialiable
Warning: Skipping 1 bytes of type 5
ScriptLog: Attaching HUD:dnGame.DukeHUD
ScriptLog: Console: > open PTEST1
Log: URL: Original URL: PTEST1?noauto
Log: URL: Escaped URL: PTEST1?noauto
Log: Browse: PTEST1?nologo?Name=BamBUI?team=0?Mesh=c_characters.Duke?Face=m_characters.TempDuke3?Torso=DukeColor.DukeFace_Brook?Arms=?Legs=DukeColor.DukeBlack_P?Voice=dngame.MalePlayerSounds?Spectate=?noauto
Log: LoadMap: PTEST1?nologo?Name=BamBUI?team=0?Mesh=c_characters.Duke?Face=m_characters.TempDuke3?Torso=DukeColor.DukeFace_Brook?Arms=?Legs=DukeColor.DukeBlack_P?Voice=dngame.MalePlayerSounds?Spectate=?noauto
DevAudio: Galaxy SetViewport: WindowsViewport___0
Log: Loading: Package PTEST1
Log: EndLoadMap
Init: Shut down moving brush tracker for Level PTEST2.MyLevel
Log: LoadMap NumPreloads: 20
Log: LoadMap PreloadSize: 1090292
Log: LoadMap TexturePreloadSize: 22053
Log: LoadMap SerializeTime: 0.001868
Log: Purging Unused Objects.
Log: Collecting garbage
Log: Purging garbage - DispatchDestroy
Log: Unloading: Package dnMaterial
Log: Unloading: Package area51_level2
Log: Unloading: Package dnMountables
Log: Unloading: Package m_fx
Log: Unloading: Package a_doors
Log: Unloading: Package TEMPVOICE
Log: Unloading: Package c_zone3_canyon
Log: Unloading: Package m_zone3_canyon
Log: Unloading: Package dnai
Log: Unloading: Package PTEST2
Log: Unloading: Package dnWolf
Log: Purging garbage - DeleteGarbage
Log: Purging garbage - DeleteNames
Log: Garbage: objects: 28914->24173; refs: 263167
Log: Garbage collection complete.
Log: Unused Objects Purged.
Log: Setting Actor Collision.
Log: Entered SetActorCollision.
Log: Entering Actor collision loop 1.
Log: Created new collision hash.
Log: Exited SetActorCollision.
Log: Setting up sound damping table.
Log: Updating the level info's time.
Log: Init the game info.
Log: Get the GameInfo clas.
Log: Game class is 'dnSinglePlayer'
Log: Bringing Level PTEST1.MyLevel up for play (0)...
ScriptLog: GameInfo::InitGame: ?nologo?Name=BamBUI?team=0?Mesh=c_characters.Duke?Face=m_characters.TempDuke3?Torso=DukeColor.DukeFace_Brook?Arms=?Legs=DukeColor.DukeBlack_P?Voice=dngame.MalePlayerSounds?Spectate=?noauto
ScriptLog: Base Mutator is PTEST1.Mutator___4
ScriptLog: Using GameReplicationInfo class:GameReplicationInfo
Log: Loading: Package dnai
Log: Loading: Package m_zone3_canyon
Log: Loading: Package c_zone3_canyon
Log: Loading: Package TEMPVOICE
Log: Loading: Package a_doors
Log: Loading: Package m_fx
Log: Loading: Package dnMountables
Log: Spawning new actor for Viewport WindowsViewport___0
ScriptLog: GameInfo::Login: BamBUI
ScriptLog: LOGIN:Spawning New Player Class dnGame.DukePlayer
Init: Initialized moving brush tracker for Level PTEST1.MyLevel
DevAudio: Galaxy SetViewport: WindowsViewport___0
Log: LoadMap TotalTime: 0.103605
Log: Loading: Package area51_level2
Log: Loading: Package dnMaterial
Warning: Property Material of Texture is not serialiable
Warning: Skipping 1 bytes of type 5
ScriptLog: Attaching HUD:dnGame.DukeHUD
Log: DukePlayer___4 fell out of the world!
ScriptWarning: DukePlayerCarcass PTEST1.DukePlayerCarcass___1 (Function dnGame.dnCarcass.InitFor:00B0) Accessed None
Log: DnExec: *** MusicPlay: Filename:stinger
Log: DnExec: Seconds: 13906.625419 CrossfadeStart:13906.625419
Log: DnExec: OpenNextMP3 NextJumpPattern:stinger ChosenFilename:..\Music\stinger
Log: DnExec: Failed to open stream: ..\Music\stinger
Log: DukePlayerCarcass___1 fell out of the world!
Log: DukeMasterChunk___1 fell out of the world!
Log: Chunk_FleshB___4 fell out of the world!
Log: Chunk_FleshC___1 fell out of the world!
Log: Chunk_FleshA___3 fell out of the world!
Log: Chunk_FleshA___4 fell out of the world!
Log: Chunk_FleshB___5 fell out of the world!
Log: Chunk_FleshA___5 fell out of the world!
Log: Chunk_FleshB___6 fell out of the world!
Log: Chunk_OrganA___2 fell out of the world!
Log: Chunk_FleshB___7 fell out of the world!
Log: Chunk_OrganA___3 fell out of the world!
Log: HumanMeshChunk___1 fell out of the world!
ScriptLog: Console: > open PTEST2
Log: URL: Original URL: PTEST2?noauto
Log: URL: Escaped URL: PTEST2?noauto
Log: Browse: PTEST2?nologo?Name=BamBUI?team=0?Mesh=c_characters.Duke?Face=m_characters.TempDuke3?Torso=DukeColor.DukeFace_Brook?Arms=?Legs=DukeColor.DukeBlack_P?Voice=dngame.MalePlayerSounds?Spectate=?noauto
Log: LoadMap: PTEST2?nologo?Name=BamBUI?team=0?Mesh=c_characters.Duke?Face=m_characters.TempDuke3?Torso=DukeColor.DukeFace_Brook?Arms=?Legs=DukeColor.DukeBlack_P?Voice=dngame.MalePlayerSounds?Spectate=?noauto
DevAudio: Galaxy SetViewport: WindowsViewport___0
Log: Loading: Package PTEST2
Log: Loading: Package dnWolf
Log: EndLoadMap
Init: Shut down moving brush tracker for Level PTEST1.MyLevel
Log: LoadMap NumPreloads: 12
Log: LoadMap PreloadSize: 2837444
Log: LoadMap TexturePreloadSize: 11304
Log: LoadMap SerializeTime: 0.001095
Log: Purging Unused Objects.
Log: Collecting garbage
Log: Purging garbage - DispatchDestroy
Log: Unloading: Package PTEST1
Log: Unloading: Package dnMaterial
Log: Unloading: Package area51_level2
Log: Unloading: Package dnMountables
Log: Unloading: Package m_fx
Log: Unloading: Package a_doors
Log: Unloading: Package TEMPVOICE
Log: Unloading: Package c_zone3_canyon
Log: Unloading: Package m_zone3_canyon
Log: Unloading: Package dnai
Log: Purging garbage - DeleteGarbage
Log: Purging garbage - DeleteNames
Log: Garbage: objects: 28968->24169; refs: 263160
Log: Garbage collection complete.
Log: Unused Objects Purged.
Log: Setting Actor Collision.
Log: Entered SetActorCollision.
Log: Entering Actor collision loop 1.
Log: Created new collision hash.
Log: Exited SetActorCollision.
Log: Setting up sound damping table.
Log: Updating the level info's time.
Log: Init the game info.
Log: Get the GameInfo clas.
Log: Game class is 'dnSinglePlayer'
Log: Bringing Level PTEST2.MyLevel up for play (0)...
ScriptLog: GameInfo::InitGame: ?nologo?Name=BamBUI?team=0?Mesh=c_characters.Duke?Face=m_characters.TempDuke3?Torso=DukeColor.DukeFace_Brook?Arms=?Legs=DukeColor.DukeBlack_P?Voice=dngame.MalePlayerSounds?Spectate=?noauto
ScriptLog: Base Mutator is PTEST2.Mutator___5
ScriptLog: Using GameReplicationInfo class:GameReplicationInfo
Log: Loading: Package dnai
Log: Loading: Package m_zone3_canyon
Log: Loading: Package c_zone3_canyon
Log: Loading: Package TEMPVOICE
Log: Loading: Package a_doors
Log: Loading: Package m_fx
Log: Loading: Package dnMountables
Log: Spawning new actor for Viewport WindowsViewport___0
ScriptLog: GameInfo::Login: BamBUI
ScriptLog: LOGIN:Spawning New Player Class dnGame.DukePlayer
Init: Initialized moving brush tracker for Level PTEST2.MyLevel
DevAudio: Galaxy SetViewport: WindowsViewport___0
Log: LoadMap TotalTime: 0.103124
Log: Loading: Package area51_level2
Log: Loading: Package dnMaterial
Warning: Property Material of Texture is not serialiable
Warning: Skipping 1 bytes of type 5
ScriptLog: Attaching HUD:dnGame.DukeHUD
ScriptWarning: UWindowMessageBoxCW Transient.UWindowMessageBoxCW___3 (Function UWindow.UWindowMessageBoxCW.Resized:0030) Accessed None
ScriptWarning: UWindowMessageBoxCW Transient.UWindowMessageBoxCW___3 (Function UWindow.UWindowMessageBoxCW.Resized:0030) Accessed None
ScriptLog: Saving GRI defaults 
Log: appRequestExit(0)
Exit: Preparing to exit.
Log: Purging garbage - DispatchDestroy
Log: Unbound to Engine.dll
Log: Unloading: Package Engine
Exit: Game engine shut down
Log: Cannibal shutdown...
Log: ...Cannibal shutdown complete.
Log: DirectDraw End Mode
Log: Flushing cache
Exit: DirectDraw released
Exit: Windows client shut down
Exit: Rendering shut down
Log: Unloading: Package Entry
Log: Unloading: Package dnWindow
Log: Unloading: Package UWindow
Log: Unloading: Package dnGame
Log: Unloading: Package hud_effects
Log: Unloading: Package dnParticles
Log: Unloading: Package t_generic
Log: Unbound to Fire.dll
Log: Unloading: Package Fire
Log: Unloading: Package t_detail
Log: Unloading: Package t_firefx
Log: Unloading: Package a_impact
Log: Unloading: Package m_dnWeapon
Log: Unloading: Package palettes
Log: Unloading: Package m_vehicles
Log: Unloading: Package c_FX
Log: Unloading: Package t_explosionFx
Log: Unloading: Package dnModulation
Log: Unloading: Package afbproship
Log: Unloading: Package a_generic
Log: Unloading: Package mario
Log: Unloading: Package dnsWeapn
Log: Unloading: Package a_transport
Log: Unloading: Package t_test
Log: Unloading: Package m_generic
Log: Unloading: Package a_edf
Log: Unloading: Package c_generic
Log: Unloading: Package m_zone1_vegas
Log: Unloading: Package a_ambient
Log: Unloading: Package c_zone1_vegas
Log: Unloading: Package petalumahouse
Log: Unloading: Package powerpuzzle1
Log: Unloading: Package c_dnWeapon
Log: Unloading: Package a_dukevoice
Log: Unloading: Package circuitpuzzle1
Log: Unloading: Package ezmail
Log: Unloading: Package c_characters
Log: Unloading: Package ezvend
Log: Unloading: Package EZPhone
Log: Unloading: Package c_dukeitems
Log: Unloading: Package a_zone1_vegas
Log: Unloading: Package keypads
Log: Unloading: Package m_turretfx
Log: Unloading: Package m_characters
Log: Unloading: Package a_switch
Log: Unloading: Package a_inventory
Log: Unloading: Package c_hands
Log: Unloading: Package a_creatures
Log: Unloading: Package m_hands
Log: Unloading: Package dnsMaterials
Log: Unloading: Package SMK6
Log: Unloading: Package crane
Log: Unloading: Package ts01
Log: Unloading: Package dukeED_gfx
Log: Unloading: Package SMK5
Log: Unloading: Package SMK4
Log: Unloading: Package ShieldFX
Log: Unloading: Package vegas
Log: Unloading: Package canvasfx
Log: Unloading: Package arcadeFX
Log: Unloading: Package smk8
Log: Unloading: Package a_npcvoice
Log: Unloading: Package modelfx
Log: Unloading: Package c_vehicles
Log: Unloading: Package D3DSounds
Log: Unloading: Package UBrowser
Log: Unloading: Package SMK3
Log: Unloading: Package SMK7
Log: Unbound to Galaxy.dll
DevAudio: Galaxy SetViewport: NULL
Exit: Galaxy shut down
Log: Unloading TrueType fonts.
Log: Unloading: Package DukeColor
Log: Unbound to D3DDrv.dll
Log: Unloading: Package mtheme_cobaltblue
Log: Unloading: Package a_musicdance
Init: Shut down moving brush tracker for Level PTEST2.MyLevel
Log: Unloading: Package dnWolf
Log: Unloading: Package PTEST2
Log: Unloading: Package dnMaterial
Log: Unloading: Package area51_level2
Log: Unloading: Package dnMountables
Log: Unloading: Package m_fx
Log: Unloading: Package a_doors
Log: Unloading: Package TEMPVOICE
Log: Unloading: Package c_zone3_canyon
Log: Unloading: Package m_zone3_canyon
Log: Unloading: Package dnai
Log: Purging garbage - DeleteGarbage
Log: Purging garbage - DeleteNames
Log: Garbage: objects: 28921->0; refs: 263160
Exit: Object subsystem successfully closed.
Log: Terminating main loop
Exit: Exiting.
Uninitialized: Name subsystem shut down
Uninitialized: Memory Allocation Status
Uninitialized: Curr Memory  0.445M /  4.809M
Uninitialized: Peak Memory  43.118M /  44.762M
Uninitialized: Allocs        3387 Current /  2009233 Total
Uninitialized: Log file closed, 05/19/22 01:30:16
