Log: Log file open, 10/12/01 18:09:26
Init: Name subsystem initialized
Init: Detected: Microsoft Windows NT 5.0 (Build: 2195)
Init: Version: 400
Init: Compiled: Oct 12 2001 17:48:14
Init: Command line: testrendev=D3DDrv.D3DRenderDevice log=Detected.log
Init: Base directory: C:\duke4\System\
Init: Character set: Unicode
Init: Profile: DukeTemp
Log: Bound to Engine.dll
Init: Object subsystem initialized.
Init: Computer: NICK1GHZW2K
Init: User: Shaffner
Init: Memory total: Phys=392688K Pagef=746284K Virt=2097024K
Init: Working set: 32000 / 159000
Init: CPU Speed=1202.747998 MHz
Init: CPU Page size=4096, Processors=1
Init: CPU Detected: PentiumPro-class processor (AuhenicAD)
Init: CPU Features: CMov FPU RDTSC PAE MMX 3DNow!
Log: Detecting D3DDrv.D3DRenderDevice
Log: Bound to D3DDrv.dll
Init: Direct3D adapters detected:
Log: Adaptor Detected: nv4_disp.dll/NVIDIA GeForce3
Init: DukeForever Direct3D support initializing.
Log: SetRes(NewX=0,NewY=0,NewColorBytes=0,Fullscreen0) (this:015a0000);
Init: Successfully tested Direct3D presence (S_OK)
Log: Successfully detected D3DDrv.D3DRenderDevice
Exit: Preparing to exit.
Log: Purging garbage - DispatchDestroy
Log: Unbound to Engine.dll
Log: Unbound to D3DDrv.dll
Log: Purging garbage - DeleteGarbage
Log: Purging garbage - DeleteNames
Log: Garbage: objects: 259->0; refs: 0
Exit: Object subsystem successfully closed.
Log: Terminating main loop
Exit: Exiting.
Uninitialized: Name subsystem shut down
Uninitialized: Memory Allocation Status
Uninitialized: Curr Memory  0.011M /  0.934M
Uninitialized: Peak Memory  1.851M /  4.137M
Uninitialized: Allocs          31 Current /   6101 Total
Uninitialized: Log file closed, 10/12/01 18:09:27
