Log: Log file open, 05/19/22 01:31:21
Init: Name subsystem initialized
Init: Detected: Microsoft Windows NT 6.2 (Build: 9200)
Init: Version: 400
Init: Compiled: Apr 22 2022 03:39:04
Init: Command line: 
Init: Base directory: S:\DukeRepo\DukeNukem2001\Stable\October26D3D8\System\
Init: Character set: Unicode
Init: Profile: DukeEd
Log: Bound to Editor.dll
Log: Bound to Engine.dll
Init: Object subsystem initialized.
Init: Computer: PAULPC
Init: User: ErrorMacro
Init: Memory total: Phys=2097151K Pagef=4194303K Virt=2097024K
Init: Working set: 32000 / 159000
Init: CPU Speed=4274.962380 MHz
Init: CPU Page size=4096, Processors=16
Init: CPU Detected: Unknown processor (AuhenicAD)
Init: CPU Features: CMov FPU RDTSC PAE MMX KNI
Log: Loading: Package Editor
Log: Loading: Package Engine
Init: Unreal engine initialized.  Lincoln is pleased.
Log: Bound to Galaxy.dll
Init: Galaxy is using WinMM
Init: Galaxy initialized
Init: Transaction tracking system initialized
Log: Loading: Package UWindow
Log: Bound to Fire.dll
Log: Loading: Package Fire
Log: Loading: Package IPServer
Log: Bound to UWeb.dll
Log: Loading: Package UWeb
Log: Loading: Package UBrowser
Log: Loading: Package dnParticles
Log: Loading: Package t_generic
Log: Loading: Package t_detail
Log: Loading: Package t_firefx
Log: Loading: Package a_impact
Log: Loading: Package m_dnWeapon
Log: Loading: Package palettes
Log: Loading: Package m_vehicles
Log: Loading: Package c_FX
Log: Loading: Package t_explosionFx
Log: Loading: Package dnModulation
Log: Loading: Package afbproship
Log: Loading: Package a_generic
Log: Loading: Package mario
Log: Loading: Package dnsWeapn
Log: Loading: Package a_transport
Log: Loading: Package t_test
Log: Loading: Package m_generic
Log: Loading: Package a_edf
Log: Loading: Package c_generic
Log: Loading: Package m_zone1_vegas
Log: Loading: Package a_ambient
Log: Loading: Package c_zone1_vegas
Log: Loading: Package petalumahouse
Log: Loading: Package dnGame
Log: Loading: Package hud_effects
Log: Loading: Package powerpuzzle1
Log: Loading: Package c_dnWeapon
Log: Loading: Package a_dukevoice
Log: Loading: Package circuitpuzzle1
Log: Loading: Package ezmail
Log: Loading: Package c_characters
Log: Loading: Package ezvend
Log: Loading: Package EZPhone
Log: Loading: Package c_dukeitems
Log: Loading: Package a_zone1_vegas
Log: Loading: Package keypads
Log: Loading: Package m_turretfx
Log: Loading: Package m_characters
Log: Loading: Package a_switch
Log: Loading: Package a_inventory
Log: Loading: Package c_hands
Log: Loading: Package a_creatures
Log: Loading: Package m_hands
Log: Loading: Package dnsMaterials
Log: Loading: Package SMK6
Log: Loading: Package crane
Log: Loading: Package ts01
Log: Loading: Package dukeED_gfx
Log: Loading: Package SMK5
Log: Loading: Package SMK4
Log: Loading: Package ShieldFX
Log: Loading: Package vegas
Log: Loading: Package canvasfx
Log: Loading: Package arcadeFX
Log: Loading: Package smk8
Log: Loading: Package a_npcvoice
Log: Loading: Package modelfx
Log: Loading: Package c_vehicles
Log: Loading: Package D3DSounds
Log: Loading: Package dnMountables
Log: Loading: Package dnAI
Log: Loading: Package m_zone3_canyon
Log: Loading: Package c_zone3_canyon
Log: Loading: Package TEMPVOICE
Log: Loading: Package a_doors
Log: Loading: Package m_fx
Log: Loading: Package dnWindow
Log: Loading: Package SMK3
Log: Loading: Package SMK7
Log: Loading: Package U_Generic
Log: Loading: Package airforcebase
Log: Loading: Package Airforcebase2
Log: Loading: Package c_zone4_afb
Log: Loading: Package RocketFX
Log: Loading: Package U_Zone1_Vegas
Log: Loading: Package U_Zone2_Dam
Log: Loading: Package c_zone2_dam
Log: Loading: Package U_Zone3_Canyon
Log: Loading: Package U_Zone4_AFB
Log: Loading: Package U_Zone5_Area51
Log: Loading: Package c_zone5_area51
Log: Loading: Package computer
Log: Loading: Package m_zone5_area51
Log: Loading: Package U_Zone6_Ship
Log: Loading: Package dnMaterial
Log: Loading: Package U_Fragment
Init: Win32 client initialized.
Init: Lighting manager initialized.
Init: Render core initialized.
Init: Editor engine initialized
Log: Startup time: 0.815061 seconds
Cmd: MODE MAPEXT=dnf
Init: Input system initialized for U2Viewport0
Localization: No localization: Engine.General.ViewXY (int)
Localization: No localization: Engine.General.ViewXY (int)
Log: Trying D3DDrv.D3DRenderDevice
Log: Bound to D3DDrv.dll
Init: Direct3D adapters detected:
Log: Adaptor Detected: aticfx32.dll/AMD Radeon RX 5700 XT
Log: Adaptor Detected: aticfx32.dll/AMD Radeon RX 5700 XT
Init: DukeForever Direct3D support initializing.
Log: SetRes(NewX=320,NewY=200,NewColorBytes=4,Fullscreen0) (this:10060000);
Init: D3D Driver: Supports trilinear
Init: D3D Driver: Supports specular gouraud
Init: D3D Driver: Supports BLENDDIFFUSEALPHA
Init: Rendertarget format: D3DFMT_X8R8G8B8
Init: Clipper texture created
Localization: No localization: Engine.General.ViewXY (int)
Log: SetRes(NewX=314,NewY=173,NewColorBytes=4,Fullscreen0) (this:10060000);
Init: D3D Driver: Supports trilinear
Init: D3D Driver: Supports specular gouraud
Init: D3D Driver: Supports BLENDDIFFUSEALPHA
Localization: No localization: Engine.General.ViewXY (int)
Init: Rendertarget format: D3DFMT_X8R8G8B8
Init: Clipper texture created
Log: SetRes(NewX=4,NewY=0,NewColorBytes=4,Fullscreen0) (this:10060000);
Init: D3D Driver: Supports trilinear
Init: D3D Driver: Supports specular gouraud
Init: D3D Driver: Supports BLENDDIFFUSEALPHA
Localization: No localization: Engine.General.ViewXY (int)
Init: Rendertarget format: D3DFMT_X8R8G8B8
Init: Clipper texture created
Log: SetRes(NewX=4,NewY=0,NewColorBytes=4,Fullscreen0) (this:10060000);
Init: D3D Driver: Supports trilinear
Init: D3D Driver: Supports specular gouraud
Init: D3D Driver: Supports BLENDDIFFUSEALPHA
Init: Rendertarget format: D3DFMT_X8R8G8B8
Init: Clipper texture created
Init: Input system initialized for U2Viewport1
Localization: No localization: Engine.General.ViewXY (int)
Localization: No localization: Engine.General.ViewXZ (int)
Localization: No localization: Engine.General.ViewXZ (int)
Log: Trying D3DDrv.D3DRenderDevice
Log: SetRes(NewX=320,NewY=200,NewColorBytes=4,Fullscreen0) (this:24a10000);
Init: D3D Driver: Supports trilinear
Init: D3D Driver: Supports specular gouraud
Init: D3D Driver: Supports BLENDDIFFUSEALPHA
Init: Rendertarget format: D3DFMT_X8R8G8B8
Init: Clipper texture created
Localization: No localization: Engine.General.ViewXZ (int)
Log: SetRes(NewX=314,NewY=173,NewColorBytes=4,Fullscreen0) (this:24a10000);
Init: D3D Driver: Supports trilinear
Init: D3D Driver: Supports specular gouraud
Init: D3D Driver: Supports BLENDDIFFUSEALPHA
Localization: No localization: Engine.General.ViewXZ (int)
Init: Rendertarget format: D3DFMT_X8R8G8B8
Init: Clipper texture created
Log: SetRes(NewX=4,NewY=0,NewColorBytes=4,Fullscreen0) (this:24a10000);
Init: D3D Driver: Supports trilinear
Init: D3D Driver: Supports specular gouraud
Init: D3D Driver: Supports BLENDDIFFUSEALPHA
Localization: No localization: Engine.General.ViewXZ (int)
Init: Rendertarget format: D3DFMT_X8R8G8B8
Init: Clipper texture created
Log: SetRes(NewX=4,NewY=0,NewColorBytes=4,Fullscreen0) (this:24a10000);
Init: D3D Driver: Supports trilinear
Init: D3D Driver: Supports specular gouraud
Init: D3D Driver: Supports BLENDDIFFUSEALPHA
Init: Rendertarget format: D3DFMT_X8R8G8B8
Init: Clipper texture created
Init: Input system initialized for U2Viewport2
Localization: No localization: Engine.General.ViewXZ (int)
Localization: No localization: Engine.General.ViewOther (int)
Localization: No localization: Engine.General.ViewOther (int)
Log: Trying D3DDrv.D3DRenderDevice
Log: SetRes(NewX=320,NewY=200,NewColorBytes=4,Fullscreen0) (this:24c10000);
Init: D3D Driver: Supports trilinear
Init: D3D Driver: Supports specular gouraud
Init: D3D Driver: Supports BLENDDIFFUSEALPHA
Init: Rendertarget format: D3DFMT_X8R8G8B8
Init: Clipper texture created
Localization: No localization: Engine.General.ViewOther (int)
Log: SetRes(NewX=314,NewY=173,NewColorBytes=4,Fullscreen0) (this:24c10000);
Init: D3D Driver: Supports trilinear
Init: D3D Driver: Supports specular gouraud
Init: D3D Driver: Supports BLENDDIFFUSEALPHA
Localization: No localization: Engine.General.ViewOther (int)
Init: Rendertarget format: D3DFMT_X8R8G8B8
Init: Clipper texture created
Log: SetRes(NewX=4,NewY=0,NewColorBytes=4,Fullscreen0) (this:24c10000);
Init: D3D Driver: Supports trilinear
Init: D3D Driver: Supports specular gouraud
Init: D3D Driver: Supports BLENDDIFFUSEALPHA
Localization: No localization: Engine.General.ViewOther (int)
Init: Rendertarget format: D3DFMT_X8R8G8B8
Init: Clipper texture created
Log: SetRes(NewX=4,NewY=0,NewColorBytes=4,Fullscreen0) (this:24c10000);
Init: D3D Driver: Supports trilinear
Init: D3D Driver: Supports specular gouraud
Init: D3D Driver: Supports BLENDDIFFUSEALPHA
Init: Rendertarget format: D3DFMT_X8R8G8B8
Init: Clipper texture created
Init: Input system initialized for U2Viewport3
Localization: No localization: Engine.General.ViewOther (int)
Localization: No localization: Engine.General.ViewYZ (int)
Localization: No localization: Engine.General.ViewYZ (int)
Log: Trying D3DDrv.D3DRenderDevice
Log: SetRes(NewX=320,NewY=200,NewColorBytes=4,Fullscreen0) (this:24e50000);
Init: D3D Driver: Supports trilinear
Init: D3D Driver: Supports specular gouraud
Init: D3D Driver: Supports BLENDDIFFUSEALPHA
Init: Rendertarget format: D3DFMT_X8R8G8B8
Init: Clipper texture created
Localization: No localization: Engine.General.ViewYZ (int)
Log: SetRes(NewX=314,NewY=173,NewColorBytes=4,Fullscreen0) (this:24e50000);
Init: D3D Driver: Supports trilinear
Init: D3D Driver: Supports specular gouraud
Init: D3D Driver: Supports BLENDDIFFUSEALPHA
Localization: No localization: Engine.General.ViewYZ (int)
Init: Rendertarget format: D3DFMT_X8R8G8B8
Init: Clipper texture created
Log: SetRes(NewX=4,NewY=0,NewColorBytes=4,Fullscreen0) (this:24e50000);
Init: D3D Driver: Supports trilinear
Init: D3D Driver: Supports specular gouraud
Init: D3D Driver: Supports BLENDDIFFUSEALPHA
Localization: No localization: Engine.General.ViewYZ (int)
Init: Rendertarget format: D3DFMT_X8R8G8B8
Init: Clipper texture created
Log: SetRes(NewX=4,NewY=0,NewColorBytes=4,Fullscreen0) (this:24e50000);
Init: D3D Driver: Supports trilinear
Init: D3D Driver: Supports specular gouraud
Init: D3D Driver: Supports BLENDDIFFUSEALPHA
Init: Rendertarget format: D3DFMT_X8R8G8B8
Init: Clipper texture created
Log: SetRes(NewX=874,NewY=449,NewColorBytes=4,Fullscreen0) (this:10060000);
Init: D3D Driver: Supports trilinear
Init: D3D Driver: Supports specular gouraud
Init: D3D Driver: Supports BLENDDIFFUSEALPHA
Localization: No localization: Engine.General.ViewXY (int)
Init: Rendertarget format: D3DFMT_X8R8G8B8
Init: Clipper texture created
Log: SetRes(NewX=948,NewY=449,NewColorBytes=4,Fullscreen0) (this:24a10000);
Init: D3D Driver: Supports trilinear
Init: D3D Driver: Supports specular gouraud
Init: D3D Driver: Supports BLENDDIFFUSEALPHA
Localization: No localization: Engine.General.ViewXZ (int)
Init: Rendertarget format: D3DFMT_X8R8G8B8
Init: Clipper texture created
Log: SetRes(NewX=874,NewY=449,NewColorBytes=4,Fullscreen0) (this:24c10000);
Init: D3D Driver: Supports trilinear
Init: D3D Driver: Supports specular gouraud
Init: D3D Driver: Supports BLENDDIFFUSEALPHA
Localization: No localization: Engine.General.ViewOther (int)
Init: Rendertarget format: D3DFMT_X8R8G8B8
Init: Clipper texture created
Log: SetRes(NewX=948,NewY=449,NewColorBytes=4,Fullscreen0) (this:24e50000);
Init: D3D Driver: Supports trilinear
Init: D3D Driver: Supports specular gouraud
Init: D3D Driver: Supports BLENDDIFFUSEALPHA
Localization: No localization: Engine.General.ViewYZ (int)
Init: Rendertarget format: D3DFMT_X8R8G8B8
Init: Clipper texture created
Init: Input system initialized for MeshViewer
Localization: No localization: Engine.General.ViewYZ (int)
Localization: No localization: Engine.General.ViewOther (int)
Localization: No localization: Engine.General.ViewOther (int)
Log: Trying D3DDrv.D3DRenderDevice
Log: SetRes(NewX=256,NewY=256,NewColorBytes=4,Fullscreen0) (this:25220000);
Init: D3D Driver: Supports trilinear
Init: D3D Driver: Supports specular gouraud
Init: D3D Driver: Supports BLENDDIFFUSEALPHA
Init: Rendertarget format: D3DFMT_X8R8G8B8
Init: Clipper texture created
Localization: No localization: Engine.General.ViewOther (int)
Cmd: CAMERA UPDATE NAME=MeshViewer MESH="alien_Adultsnatcher" FLAGS=8832 REN=18 MISC1=24759 MISC2=0
Cmd: CAMERA UPDATE NAME=MeshViewer MESH="alien_Adultsnatcher" FLAGS=8832 REN=18 MISC1=24759 MISC2=0
Cmd: CAMERA UPDATE NAME=MeshViewer MESH="alien_Adultsnatcher" FLAGS=8832 REN=18 MISC1=24759 MISC2=0
Log: SetRes(NewX=460,NewY=356,NewColorBytes=4,Fullscreen0) (this:25220000);
Init: D3D Driver: Supports trilinear
Init: D3D Driver: Supports specular gouraud
Init: D3D Driver: Supports BLENDDIFFUSEALPHA
Localization: No localization: Engine.General.ViewOther (int)
Init: Rendertarget format: D3DFMT_X8R8G8B8
Init: Clipper texture created
Log: SetRes(NewX=460,NewY=356,NewColorBytes=4,Fullscreen0) (this:25220000);
Init: D3D Driver: Supports trilinear
Init: D3D Driver: Supports specular gouraud
Init: D3D Driver: Supports BLENDDIFFUSEALPHA
Init: Rendertarget format: D3DFMT_X8R8G8B8
Init: Clipper texture created
Log: 4.00 302.00 936.00 147.00
Log: 4.00 302.00 936.00 147.00
Log: 4.00 302.00 936.00 147.00
Init: Input system initialized for TextureBrowser
Localization: No localization: Engine.General.ViewOther (int)
Localization: No localization: Engine.General.ViewOther (int)
Localization: No localization: Engine.General.ViewOther (int)
Log: Trying D3DDrv.D3DRenderDevice
Log: SetRes(NewX=320,NewY=200,NewColorBytes=4,Fullscreen0) (this:4bd30000);
Init: D3D Driver: Supports trilinear
Init: D3D Driver: Supports specular gouraud
Init: D3D Driver: Supports BLENDDIFFUSEALPHA
Init: Rendertarget format: D3DFMT_X8R8G8B8
Init: Clipper texture created
Localization: No localization: Engine.General.ViewOther (int)
Log: SetRes(NewX=924,NewY=347,NewColorBytes=4,Fullscreen0) (this:4bd30000);
Init: D3D Driver: Supports trilinear
Init: D3D Driver: Supports specular gouraud
Init: D3D Driver: Supports BLENDDIFFUSEALPHA
Localization: No localization: Engine.General.ViewOther (int)
Init: Rendertarget format: D3DFMT_X8R8G8B8
Init: Clipper texture created
Cmd: CAMERA UPDATE FLAGS=8832 MISC1=128 MISC2=0 REN=17 NAME=TextureBrowser PACKAGE="afbproship" GROUP="WMD" NAMEFILTER=""
Log: SetRes(NewX=874,NewY=439,NewColorBytes=4,Fullscreen0) (this:10060000);
Init: D3D Driver: Supports trilinear
Init: D3D Driver: Supports specular gouraud
Init: D3D Driver: Supports BLENDDIFFUSEALPHA
Localization: No localization: Engine.General.ViewXY (int)
Init: Rendertarget format: D3DFMT_X8R8G8B8
Init: Clipper texture created
Log: SetRes(NewX=948,NewY=439,NewColorBytes=4,Fullscreen0) (this:24a10000);
Init: D3D Driver: Supports trilinear
Init: D3D Driver: Supports specular gouraud
Init: D3D Driver: Supports BLENDDIFFUSEALPHA
Localization: No localization: Engine.General.ViewXZ (int)
Init: Rendertarget format: D3DFMT_X8R8G8B8
Init: Clipper texture created
Log: SetRes(NewX=874,NewY=439,NewColorBytes=4,Fullscreen0) (this:24c10000);
Init: D3D Driver: Supports trilinear
Init: D3D Driver: Supports specular gouraud
Init: D3D Driver: Supports BLENDDIFFUSEALPHA
Localization: No localization: Engine.General.ViewOther (int)
Init: Rendertarget format: D3DFMT_X8R8G8B8
Init: Clipper texture created
Log: SetRes(NewX=948,NewY=439,NewColorBytes=4,Fullscreen0) (this:24e50000);
Init: D3D Driver: Supports trilinear
Init: D3D Driver: Supports specular gouraud
Init: D3D Driver: Supports BLENDDIFFUSEALPHA
Localization: No localization: Engine.General.ViewYZ (int)
Init: Rendertarget format: D3DFMT_X8R8G8B8
Init: Clipper texture created
Localization: No localization: Engine.General.ViewOther (int)
Cmd: MAP LOAD FILE="S:\DukeRepo\DukeNukem2001\Stable\October26D3D8\maps\PTEST2.dnf"
Log: New File, Existing Package (Package MyLevel, Package PTEST2)
Log: Loading: Package MyLevel
Log: Loading: Package dnWolf
Log: Loading: Package a_musicdance
Log: Created 16 shadowcaster render targets
Log: Collecting garbage
Log: Purging garbage - DispatchDestroy
Log: Purging garbage - DeleteGarbage
Log: Purging garbage - DeleteNames
Log: Garbage: objects: 48206->48164; refs: 702861
Log: Garbage collection complete.
Cmd: CAMERA UPDATE NAME=MeshViewer MESH="alien_Adultsnatcher" FLAGS=8832 REN=18 MISC1=24759 MISC2=0
Cmd: CAMERA UPDATE NAME=MeshViewer MESH="alien_Adultsnatcher" FLAGS=8832 REN=18 MISC1=24759 MISC2=0
Cmd: CAMERA UPDATE NAME=MeshViewer MESH="alien_Adultsnatcher" FLAGS=8832 REN=18 MISC1=24759 MISC2=0
Cmd: CAMERA UPDATE FLAGS=8832 MISC1=128 MISC2=0 REN=17 NAME=TextureBrowser PACKAGE="afbproship" GROUP="WMD" NAMEFILTER=""
Cmd: SETPAUSE 0
Localization: No localization: Engine.General.ViewOther (int)
Cmd: FireDown 
Cmd: OnRelease FireUp
Cmd: AltFireDown 
Cmd: OnRelease AltFireUp
Cmd: AltFireUp
Cmd: FireUp
Cmd: SETPAUSE 1
Localization: No localization: Engine.General.ViewOther (int)
Cmd: HOOK PLAYMAP
Log: SetRes(NewX=51,NewY=0,NewColorBytes=4,Fullscreen0) (this:10060000);
Init: D3D Driver: Supports trilinear
Init: D3D Driver: Supports specular gouraud
Init: D3D Driver: Supports BLENDDIFFUSEALPHA
Localization: No localization: Engine.General.ViewXY (int)
Init: Rendertarget format: D3DFMT_X8R8G8B8
Init: Clipper texture created
Log: SetRes(NewX=56,NewY=0,NewColorBytes=4,Fullscreen0) (this:24a10000);
Init: D3D Driver: Supports trilinear
Init: D3D Driver: Supports specular gouraud
Init: D3D Driver: Supports BLENDDIFFUSEALPHA
Localization: No localization: Engine.General.ViewXZ (int)
Init: Rendertarget format: D3DFMT_X8R8G8B8
Init: Clipper texture created
Log: SetRes(NewX=51,NewY=0,NewColorBytes=4,Fullscreen0) (this:24c10000);
Init: D3D Driver: Supports trilinear
Init: D3D Driver: Supports specular gouraud
Init: D3D Driver: Supports BLENDDIFFUSEALPHA
Localization: No localization: Engine.General.ViewOther (int)
Init: Rendertarget format: D3DFMT_X8R8G8B8
Init: Clipper texture created
Log: SetRes(NewX=56,NewY=0,NewColorBytes=4,Fullscreen0) (this:24e50000);
Init: D3D Driver: Supports trilinear
Init: D3D Driver: Supports specular gouraud
Init: D3D Driver: Supports BLENDDIFFUSEALPHA
Localization: No localization: Engine.General.ViewYZ (int)
Init: Rendertarget format: D3DFMT_X8R8G8B8
Init: Clipper texture created
Cmd: MAP SAVE FILE=..\Maps\Autoplay.dnf
Log: Unloading: Package MyLevel
Log: Save=3.289811
Log: Moving '..\Maps\Save.tmp' to '..\Maps\Autoplay.dnf'
Log: LaunchURL DukeForever.exe Autoplay.dnf HWND=35524696 -log
Log: SetRes(NewX=874,NewY=439,NewColorBytes=4,Fullscreen0) (this:10060000);
Init: D3D Driver: Supports trilinear
Init: D3D Driver: Supports specular gouraud
Init: D3D Driver: Supports BLENDDIFFUSEALPHA
Localization: No localization: Engine.General.ViewXY (int)
Init: Rendertarget format: D3DFMT_X8R8G8B8
Init: Clipper texture created
Log: SetRes(NewX=948,NewY=439,NewColorBytes=4,Fullscreen0) (this:24a10000);
Init: D3D Driver: Supports trilinear
Init: D3D Driver: Supports specular gouraud
Init: D3D Driver: Supports BLENDDIFFUSEALPHA
Localization: No localization: Engine.General.ViewXZ (int)
Init: Rendertarget format: D3DFMT_X8R8G8B8
Init: Clipper texture created
Log: SetRes(NewX=874,NewY=439,NewColorBytes=4,Fullscreen0) (this:24c10000);
Init: D3D Driver: Supports trilinear
Init: D3D Driver: Supports specular gouraud
Init: D3D Driver: Supports BLENDDIFFUSEALPHA
Localization: No localization: Engine.General.ViewOther (int)
Init: Rendertarget format: D3DFMT_X8R8G8B8
Init: Clipper texture created
Log: SetRes(NewX=948,NewY=439,NewColorBytes=4,Fullscreen0) (this:24e50000);
Init: D3D Driver: Supports trilinear
Init: D3D Driver: Supports specular gouraud
Init: D3D Driver: Supports BLENDDIFFUSEALPHA
Localization: No localization: Engine.General.ViewYZ (int)
Init: Rendertarget format: D3DFMT_X8R8G8B8
Init: Clipper texture created
Cmd: SETPAUSE 0
Localization: No localization: Engine.General.ViewOther (int)
Cmd: FireDown 
Cmd: OnRelease FireUp
Cmd: FireUp
Cmd: POLY SET SETFLAGS=0 CLEARFLAGS=217624535 SURFACETAG=None
Cmd: SETPAUSE 1
Localization: No localization: Engine.General.ViewOther (int)
Log: 4.00 300.00 936.00 146.00
Log: 4.00 300.00 936.00 146.00
Log: SetRes(NewX=924,NewY=346,NewColorBytes=4,Fullscreen0) (this:4bd30000);
Init: D3D Driver: Supports trilinear
Init: D3D Driver: Supports specular gouraud
Init: D3D Driver: Supports BLENDDIFFUSEALPHA
Localization: No localization: Engine.General.ViewOther (int)
Init: Rendertarget format: D3DFMT_X8R8G8B8
Init: Clipper texture created
Cmd: SETPAUSE 0
Localization: No localization: Engine.General.ViewXZ (int)
Cmd: FireDown 
Cmd: OnRelease FireUp
Cmd: FireUp
Cmd: SETPAUSE 1
Localization: No localization: Engine.General.ViewXZ (int)
Cmd: SETPAUSE 0
Localization: No localization: Engine.General.ViewXY (int)
Cmd: FireDown 
Cmd: OnRelease FireUp
Cmd: FireUp
Cmd: SETPAUSE 1
Localization: No localization: Engine.General.ViewXY (int)
Cmd: OBJ LOAD FILE="S:\DukeRepo\DukeNukem2001\Stable\October26D3D8\Music\BeyondTheSun.umx"
Log: Loading: Package BeyondTheSun
Log: Matched Viewport U2Viewport0
Log: Matched Viewport U2Viewport1
Log: Matched Viewport U2Viewport2
Log: Matched Viewport U2Viewport3
Log: Matched Viewport MeshViewer
Log: Matched Viewport TextureBrowser
Cmd: CAMERA UPDATE NAME=MeshViewer MESH="alien_Adultsnatcher" FLAGS=8832 REN=18 MISC1=24759 MISC2=0
Cmd: CAMERA UPDATE NAME=MeshViewer MESH="alien_Adultsnatcher" FLAGS=8832 REN=18 MISC1=24759 MISC2=0
Cmd: CAMERA UPDATE NAME=MeshViewer MESH="alien_Adultsnatcher" FLAGS=8832 REN=18 MISC1=24759 MISC2=0
Cmd: CAMERA UPDATE FLAGS=8832 MISC1=128 MISC2=0 REN=17 NAME=TextureBrowser PACKAGE="afbproship" GROUP="WMD" NAMEFILTER=""
Cmd: MUSIC PLAY NAME="BeyondTheSun"
DevAudio: Galaxy SetViewport: U2Viewport2
DevMusic: Load music: Music BeyondTheSun.BeyondTheSun
Warning: glxLoadMusic(&Mem, GLX_LOADFROMMEMORY ) failed: 15
Cmd: OBJ LOAD FILE="S:\DukeRepo\DukeNukem2001\Stable\October26D3D8\Music\Mech8.umx"
Log: Loading: Package Mech8
Log: Matched Viewport U2Viewport0
Log: Matched Viewport U2Viewport1
Log: Matched Viewport U2Viewport2
Log: Matched Viewport U2Viewport3
Log: Matched Viewport MeshViewer
Log: Matched Viewport TextureBrowser
Cmd: CAMERA UPDATE NAME=MeshViewer MESH="alien_Adultsnatcher" FLAGS=8832 REN=18 MISC1=24759 MISC2=0
Cmd: CAMERA UPDATE NAME=MeshViewer MESH="alien_Adultsnatcher" FLAGS=8832 REN=18 MISC1=24759 MISC2=0
Cmd: CAMERA UPDATE NAME=MeshViewer MESH="alien_Adultsnatcher" FLAGS=8832 REN=18 MISC1=24759 MISC2=0
Cmd: CAMERA UPDATE FLAGS=8832 MISC1=128 MISC2=0 REN=17 NAME=TextureBrowser PACKAGE="afbproship" GROUP="WMD" NAMEFILTER=""
Cmd: MUSIC PLAY NAME="Mech8"
Cmd: MUSIC PLAY NAME="Mech8"
DevMusic: Unregister music: Music BeyondTheSun.BeyondTheSun
DevMusic: Load music: Music Mech8.Mech8
Cmd: MUSIC PLAY NAME=None
DevMusic: Unregister music: Music Mech8.Mech8
Cmd: BRUSHCLIP DELETE
Cmd: POLYGON DELETE
Cmd: MAP SAVE FILE="S:\DukeRepo\DukeNukem2001\Stable\October26D3D8\maps\PTEST2.dnf"
Log: Save=3.542408
Log: Moving 'S:\DukeRepo\DukeNukem2001\Stable\October26D3D8\maps\Save.tmp' to 'S:\DukeRepo\DukeNukem2001\Stable\October26D3D8\maps\PTEST2.dnf'
Warning: Error moving file 'S:\DukeRepo\DukeNukem2001\Stable\October26D3D8\maps\Save.tmp' to 'S:\DukeRepo\DukeNukem2001\Stable\October26D3D8\maps\PTEST2.dnf'
Warning: Error saving 'S:\DukeRepo\DukeNukem2001\Stable\October26D3D8\maps\PTEST2.dnf'
Cmd: SETPAUSE 0
Localization: No localization: Engine.General.ViewOther (int)
Cmd: FireDown 
Cmd: OnRelease FireUp
Cmd: FireUp
Cmd: POLY SET SETFLAGS=0 CLEARFLAGS=217624535 SURFACETAG=None
Cmd: FireDown 
Cmd: OnRelease FireUp
Cmd: FireUp
Cmd: AltFireDown 
Cmd: OnRelease AltFireUp
Cmd: AltFireUp
Cmd: POLY SET SETFLAGS=0 CLEARFLAGS=217624535 SURFACETAG=None
Log: GEditor->CurrentClass not set (2986)
Cmd: SETPAUSE 1
Localization: No localization: Engine.General.ViewOther (int)
Cmd: SETPAUSE 0
Localization: No localization: Engine.General.ViewYZ (int)
Cmd: FireDown 
Cmd: 