Log: Log file open, 05/15/22 18:31:53
Init: Name subsystem initialized
Init: Detected: Microsoft Windows NT 6.2 (Build: 9200)
Init: Version: 400
Init: Compiled: Apr 22 2022 03:39:04
Init: Command line: testrendev=D3DDrv.D3DRenderDevice log=Detected.log
Init: Base directory: S:\October 26\System\
Init: Character set: Unicode
Init: Profile: DukeTemp
Log: Bound to Engine.dll
Init: Object subsystem initialized.
Init: Computer: PAULPC
Init: User: ErrorMacro
Init: Memory total: Phys=2097151K Pagef=4194303K Virt=2097024K
Init: Working set: 32000 / 159000
Init: CPU Speed=4274.813009 MHz
Init: CPU Page size=4096, Processors=16
Init: CPU Detected: Unknown processor (AuhenicAD)
Init: CPU Features: CMov FPU RDTSC PAE MMX KNI
Log: Detecting D3DDrv.D3DRenderDevice
Log: Bound to D3DDrv.dll
Init: Direct3D adapters detected:
Log: Adaptor Detected: atiumdag.dll/ATI Radeon HD 5600 Series
Log: Adaptor Detected: atiumdag.dll/ATI Radeon HD 5600 Series
Init: DukeForever Direct3D support initializing.
Log: SetRes(NewX=0,NewY=0,NewColorBytes=0,Fullscreen0) (this:083c0000);
Init: Successfully tested Direct3D presence (S_OK)
Log: Successfully detected D3DDrv.D3DRenderDevice
Exit: Preparing to exit.
Log: Purging garbage - DispatchDestroy
Log: Unbound to Engine.dll
Log: Unbound to D3DDrv.dll
Log: Purging garbage - DeleteGarbage
Log: Purging garbage - DeleteNames
Log: Garbage: objects: 259->0; refs: 0
Exit: Object subsystem successfully closed.
Log: Terminating main loop
Exit: Exiting.
Uninitialized: Name subsystem shut down
Uninitialized: Memory Allocation Status
Uninitialized: Curr Memory  0.014M /  0.934M
Uninitialized: Peak Memory  1.871M /  4.137M
Uninitialized: Allocs          34 Current /   6314 Total
Uninitialized: Log file closed, 05/15/22 18:32:04
